[github.com/flipped-aurora/gin-vue-admin/server]2025-12-10 17:50:25.416	[31merror[0m	/Users/aldge/www/cine/gin-vue-admin/server/middleware/error.go:45	[Recovery from panic]	{"error": "runtime error: invalid memory address or nil pointer dereference", "request": "POST /sysError/createSysError HTTP/1.1\r\nHost: 127.0.0.1:8888\r\nAccept: application/json, text/plain, */*\r\nAccept-Encoding: gzip, deflate, br, zstd\r\nAccept-Language: zh-CN,zh;q=0.9,en;q=0.8,en-US;q=0.7\r\nConnection: close\r\nContent-Length: 583\r\nContent-Type: application/json\r\nCookie: PHPSESSID=23aba1ded0b37a32c0f828ceee69401f; closeclick=closeclick; user_id=1; user_name=maccms; group_id=2; group_name=%E9%BB%98%E8%AE%A4%E4%BC%9A%E5%91%98; user_check=98efddfc2c24acb8aeefe93a3bcb2492; user_portrait=%2Fstatic_new%2Fimages%2Ftouxiang.png; clothes=white; adminer_key=831ead5805853452a21a49f8779b4482; adminer_sid=d0019121ebac1c91e39b9de4f126fe41; casdoor_session_id=53423ed241730bc893d367034914eac2; mac_history_dianying=%5B%7B%22vod_name%22%3A%22%E5%B0%B8%E6%9D%80%E6%B3%B0%E6%8B%B3%22%2C%22vod_url%22%3A%22http%3A%2F%2Flocalhost%3A8081%2Findex.php%2Fvod%2Fplay%2Fid%2F908%2Fsid%2F1%2Fnid%2F2.html%22%2C%22vod_part%22%3A%22HK%22%7D%5D; x-token=eyJhbGciOiJIUzI1NiIsInR5cCI6IkpXVCJ9.eyJVVUlEIjoiNDhkODNjNjktODRkNC00Yzk3LTg1MmUtNWEwMDgyMzI1ZjAzIiwiSUQiOjEsIlVzZXJuYW1lIjoiYWRtaW4iLCJOaWNrTmFtZSI6Ik1yLuWlh-a3vCIsIkF1dGhvcml0eUlkIjo4ODgsIkJ1ZmZlclRpbWUiOjg2NDAwLCJpc3MiOiJxbVBsdXMiLCJhdWQiOlsiR1ZBIl0sImV4cCI6MTc2NTk2NDY5MywibmJmIjoxNzY1MzU5ODkzfQ.urDZoB2UJ3IH8xsAllpY7TTNWZu_EYJ8adL9yDAdLaE\r\nOrigin: http://localhost:8081\r\nReferer: http://localhost:8081/\r\nSec-Ch-Ua: \"Google Chrome\";v=\"141\", \"Not?A_Brand\";v=\"8\", \"Chromium\";v=\"141\"\r\nSec-Ch-Ua-Mobile: ?0\r\nSec-Ch-Ua-Platform: \"macOS\"\r\nSec-Fetch-Dest: empty\r\nSec-Fetch-Mode: cors\r\nSec-Fetch-Site: same-origin\r\nUser-Agent: Mozilla/5.0 (Macintosh; Intel Mac OS X 10_15_7) AppleWebKit/537.36 (KHTML, like Gecko) Chrome/141.0.0.0 Safari/537.36\r\nX-Token: eyJhbGciOiJIUzI1NiIsInR5cCI6IkpXVCJ9.eyJVVUlEIjoiNDhkODNjNjktODRkNC00Yzk3LTg1MmUtNWEwMDgyMzI1ZjAzIiwiSUQiOjEsIlVzZXJuYW1lIjoiYWRtaW4iLCJOaWNrTmFtZSI6Ik1yLuWlh-a3vCIsIkF1dGhvcml0eUlkIjo4ODgsIkJ1ZmZlclRpbWUiOjg2NDAwLCJpc3MiOiJxbVBsdXMiLCJhdWQiOlsiR1ZBIl0sImV4cCI6MTc2NTk2NDY5MywibmJmIjoxNzY1MzU5ODkzfQ.urDZoB2UJ3IH8xsAllpY7TTNWZu_EYJ8adL9yDAdLaE\r\nX-User-Id: 1\r\n\r\n", "stack": "goroutine 9 [running]:\nruntime/debug.Stack()\n\t/Users/aldge/go/pkg/mod/golang.org/toolchain@v0.0.1-go1.24.11.darwin-arm64/src/runtime/debug/stack.go:26 +0x64\ngithub.com/flipped-aurora/gin-vue-admin/server/initialize.Routers.GinRecovery.func4.1()\n\t/Users/aldge/www/cine/gin-vue-admin/server/middleware/error.go:48 +0x38c\npanic({0x104fa5540?, 0x10621b0f0?})\n\t/Users/aldge/go/pkg/mod/golang.org/toolchain@v0.0.1-go1.24.11.darwin-arm64/src/runtime/panic.go:792 +0x124\ngorm.io/gorm.(*DB).Create(0x1?, {0x104f77fe0?, 0x14000f6e120?})\n\t/Users/aldge/go/pkg/mod/gorm.io/gorm@v1.25.12/finisher_api.go:18 +0x20\ngithub.com/flipped-aurora/gin-vue-admin/server/service/system.(*SysErrorService).CreateSysError(0x106237d60?, {0x105093ee0?, 0x104f77fe0?}, 0x14000f6e120?)\n\t/Users/aldge/www/cine/gin-vue-admin/server/service/system/sys_error.go:17 +0x30\ngithub.com/flipped-aurora/gin-vue-admin/server/api/v1/system.(*SysErrorApi).CreateSysError(0x14000f69768?, 0x14001880000)\n\t/Users/aldge/www/cine/gin-vue-admin/server/api/v1/system/sys_error.go:33 +0xe8\ngithub.com/gin-gonic/gin.(*Context).Next(...)\n\t/Users/aldge/go/pkg/mod/github.com/gin-gonic/gin@v1.10.0/context.go:185\ngithub.com/gin-gonic/gin.LoggerWithConfig.func1(0x14001880000)\n\t/Users/aldge/go/pkg/mod/github.com/gin-gonic/gin@v1.10.0/logger.go:249 +0xb4\ngithub.com/gin-gonic/gin.(*Context).Next(0x14001880000)\n\t/Users/aldge/go/pkg/mod/github.com/gin-gonic/gin@v1.10.0/context.go:185 +0x3c\ngithub.com/flipped-aurora/gin-vue-admin/server/initialize.Routers.GinRecovery.func4(0x14000f699b8?)\n\t/Users/aldge/www/cine/gin-vue-admin/server/middleware/error.go:59 +0x4c\ngithub.com/gin-gonic/gin.(*Context).Next(...)\n\t/Users/aldge/go/pkg/mod/github.com/gin-gonic/gin@v1.10.0/context.go:185\ngithub.com/gin-gonic/gin.(*Engine).handleHTTPRequest(0x14001481520, 0x14001880000)\n\t/Users/aldge/go/pkg/mod/github.com/gin-gonic/gin@v1.10.0/gin.go:633 +0x6c4\ngithub.com/gin-gonic/gin.(*Engine).ServeHTTP(0x14001481520, {0x1052a0858, 0x14000f7c000}, 0x14000c7e3c0)\n\t/Users/aldge/go/pkg/mod/github.com/gin-gonic/gin@v1.10.0/gin.go:589 +0x170\nnet/http.serverHandler.ServeHTTP({0x105297148?}, {0x1052a0858?, 0x14000f7c000?}, 0x6?)\n\t/Users/aldge/go/pkg/mod/golang.org/toolchain@v0.0.1-go1.24.11.darwin-arm64/src/net/http/server.go:3301 +0xbc\nnet/http.(*conn).serve(0x14000f6e000, {0x1052a54e8, 0x14000e82240})\n\t/Users/aldge/go/pkg/mod/golang.org/toolchain@v0.0.1-go1.24.11.darwin-arm64/src/net/http/server.go:2102 +0x52c\ncreated by net/http.(*Server).Serve in goroutine 51\n\t/Users/aldge/go/pkg/mod/golang.org/toolchain@v0.0.1-go1.24.11.darwin-arm64/src/net/http/server.go:3454 +0x3d8\n"}
github.com/flipped-aurora/gin-vue-admin/server/initialize.Routers.GinRecovery.func4.1
	/Users/aldge/www/cine/gin-vue-admin/server/middleware/error.go:45
runtime.gopanic
	/Users/aldge/go/pkg/mod/golang.org/toolchain@v0.0.1-go1.24.11.darwin-arm64/src/runtime/panic.go:792
runtime.panicmem
	/Users/aldge/go/pkg/mod/golang.org/toolchain@v0.0.1-go1.24.11.darwin-arm64/src/runtime/panic.go:262
runtime.sigpanic
	/Users/aldge/go/pkg/mod/golang.org/toolchain@v0.0.1-go1.24.11.darwin-arm64/src/runtime/signal_unix.go:925
gorm.io/gorm.(*DB).Create
	/Users/aldge/go/pkg/mod/gorm.io/gorm@v1.25.12/finisher_api.go:18
github.com/flipped-aurora/gin-vue-admin/server/service/system.(*SysErrorService).CreateSysError
	/Users/aldge/www/cine/gin-vue-admin/server/service/system/sys_error.go:17
github.com/flipped-aurora/gin-vue-admin/server/api/v1/system.(*SysErrorApi).CreateSysError
	/Users/aldge/www/cine/gin-vue-admin/server/api/v1/system/sys_error.go:33
github.com/gin-gonic/gin.(*Context).Next
	/Users/aldge/go/pkg/mod/github.com/gin-gonic/gin@v1.10.0/context.go:185
github.com/gin-gonic/gin.LoggerWithConfig.func1
	/Users/aldge/go/pkg/mod/github.com/gin-gonic/gin@v1.10.0/logger.go:249
github.com/gin-gonic/gin.(*Context).Next
	/Users/aldge/go/pkg/mod/github.com/gin-gonic/gin@v1.10.0/context.go:185
github.com/flipped-aurora/gin-vue-admin/server/initialize.Routers.GinRecovery.func4
	/Users/aldge/www/cine/gin-vue-admin/server/middleware/error.go:59
github.com/gin-gonic/gin.(*Context).Next
	/Users/aldge/go/pkg/mod/github.com/gin-gonic/gin@v1.10.0/context.go:185
github.com/gin-gonic/gin.(*Engine).handleHTTPRequest
	/Users/aldge/go/pkg/mod/github.com/gin-gonic/gin@v1.10.0/gin.go:633
github.com/gin-gonic/gin.(*Engine).ServeHTTP
	/Users/aldge/go/pkg/mod/github.com/gin-gonic/gin@v1.10.0/gin.go:589
net/http.serverHandler.ServeHTTP
	/Users/aldge/go/pkg/mod/golang.org/toolchain@v0.0.1-go1.24.11.darwin-arm64/src/net/http/server.go:3301
net/http.(*conn).serve
	/Users/aldge/go/pkg/mod/golang.org/toolchain@v0.0.1-go1.24.11.darwin-arm64/src/net/http/server.go:2102
[github.com/flipped-aurora/gin-vue-admin/server]2025-12-10 17:50:25.417	[31merror[0m	/Users/aldge/www/cine/gin-vue-admin/server/middleware/error.go:45	[Recovery from panic]	{"error": "runtime error: invalid memory address or nil pointer dereference", "request": "POST /sysError/createSysError HTTP/1.1\r\nHost: 127.0.0.1:8888\r\nAccept: application/json, text/plain, */*\r\nAccept-Encoding: gzip, deflate, br, zstd\r\nAccept-Language: zh-CN,zh;q=0.9,en;q=0.8,en-US;q=0.7\r\nConnection: close\r\nContent-Length: 582\r\nContent-Type: application/json\r\nCookie: PHPSESSID=23aba1ded0b37a32c0f828ceee69401f; closeclick=closeclick; user_id=1; user_name=maccms; group_id=2; group_name=%E9%BB%98%E8%AE%A4%E4%BC%9A%E5%91%98; user_check=98efddfc2c24acb8aeefe93a3bcb2492; user_portrait=%2Fstatic_new%2Fimages%2Ftouxiang.png; clothes=white; adminer_key=831ead5805853452a21a49f8779b4482; adminer_sid=d0019121ebac1c91e39b9de4f126fe41; casdoor_session_id=53423ed241730bc893d367034914eac2; mac_history_dianying=%5B%7B%22vod_name%22%3A%22%E5%B0%B8%E6%9D%80%E6%B3%B0%E6%8B%B3%22%2C%22vod_url%22%3A%22http%3A%2F%2Flocalhost%3A8081%2Findex.php%2Fvod%2Fplay%2Fid%2F908%2Fsid%2F1%2Fnid%2F2.html%22%2C%22vod_part%22%3A%22HK%22%7D%5D; x-token=eyJhbGciOiJIUzI1NiIsInR5cCI6IkpXVCJ9.eyJVVUlEIjoiNDhkODNjNjktODRkNC00Yzk3LTg1MmUtNWEwMDgyMzI1ZjAzIiwiSUQiOjEsIlVzZXJuYW1lIjoiYWRtaW4iLCJOaWNrTmFtZSI6Ik1yLuWlh-a3vCIsIkF1dGhvcml0eUlkIjo4ODgsIkJ1ZmZlclRpbWUiOjg2NDAwLCJpc3MiOiJxbVBsdXMiLCJhdWQiOlsiR1ZBIl0sImV4cCI6MTc2NTk2NDY5MywibmJmIjoxNzY1MzU5ODkzfQ.urDZoB2UJ3IH8xsAllpY7TTNWZu_EYJ8adL9yDAdLaE\r\nOrigin: http://localhost:8081\r\nReferer: http://localhost:8081/\r\nSec-Ch-Ua: \"Google Chrome\";v=\"141\", \"Not?A_Brand\";v=\"8\", \"Chromium\";v=\"141\"\r\nSec-Ch-Ua-Mobile: ?0\r\nSec-Ch-Ua-Platform: \"macOS\"\r\nSec-Fetch-Dest: empty\r\nSec-Fetch-Mode: cors\r\nSec-Fetch-Site: same-origin\r\nUser-Agent: Mozilla/5.0 (Macintosh; Intel Mac OS X 10_15_7) AppleWebKit/537.36 (KHTML, like Gecko) Chrome/141.0.0.0 Safari/537.36\r\nX-Token: eyJhbGciOiJIUzI1NiIsInR5cCI6IkpXVCJ9.eyJVVUlEIjoiNDhkODNjNjktODRkNC00Yzk3LTg1MmUtNWEwMDgyMzI1ZjAzIiwiSUQiOjEsIlVzZXJuYW1lIjoiYWRtaW4iLCJOaWNrTmFtZSI6Ik1yLuWlh-a3vCIsIkF1dGhvcml0eUlkIjo4ODgsIkJ1ZmZlclRpbWUiOjg2NDAwLCJpc3MiOiJxbVBsdXMiLCJhdWQiOlsiR1ZBIl0sImV4cCI6MTc2NTk2NDY5MywibmJmIjoxNzY1MzU5ODkzfQ.urDZoB2UJ3IH8xsAllpY7TTNWZu_EYJ8adL9yDAdLaE\r\nX-User-Id: 1\r\n\r\n", "stack": "goroutine 39 [running]:\nruntime/debug.Stack()\n\t/Users/aldge/go/pkg/mod/golang.org/toolchain@v0.0.1-go1.24.11.darwin-arm64/src/runtime/debug/stack.go:26 +0x64\ngithub.com/flipped-aurora/gin-vue-admin/server/initialize.Routers.GinRecovery.func4.1()\n\t/Users/aldge/www/cine/gin-vue-admin/server/middleware/error.go:48 +0x38c\npanic({0x104fa5540?, 0x10621b0f0?})\n\t/Users/aldge/go/pkg/mod/golang.org/toolchain@v0.0.1-go1.24.11.darwin-arm64/src/runtime/panic.go:792 +0x124\ngorm.io/gorm.(*DB).Create(0x1?, {0x104f77fe0?, 0x14000e165a0?})\n\t/Users/aldge/go/pkg/mod/gorm.io/gorm@v1.25.12/finisher_api.go:18 +0x20\ngithub.com/flipped-aurora/gin-vue-admin/server/service/system.(*SysErrorService).CreateSysError(0x106237d60?, {0x105093ee0?, 0x104f77fe0?}, 0x14000e165a0?)\n\t/Users/aldge/www/cine/gin-vue-admin/server/service/system/sys_error.go:17 +0x30\ngithub.com/flipped-aurora/gin-vue-admin/server/api/v1/system.(*SysErrorApi).CreateSysError(0x1400009d768?, 0x14000e04200)\n\t/Users/aldge/www/cine/gin-vue-admin/server/api/v1/system/sys_error.go:33 +0xe8\ngithub.com/gin-gonic/gin.(*Context).Next(...)\n\t/Users/aldge/go/pkg/mod/github.com/gin-gonic/gin@v1.10.0/context.go:185\ngithub.com/gin-gonic/gin.LoggerWithConfig.func1(0x14000e04200)\n\t/Users/aldge/go/pkg/mod/github.com/gin-gonic/gin@v1.10.0/logger.go:249 +0xb4\ngithub.com/gin-gonic/gin.(*Context).Next(0x14000e04200)\n\t/Users/aldge/go/pkg/mod/github.com/gin-gonic/gin@v1.10.0/context.go:185 +0x3c\ngithub.com/flipped-aurora/gin-vue-admin/server/initialize.Routers.GinRecovery.func4(0x18da1f2006c39760?)\n\t/Users/aldge/www/cine/gin-vue-admin/server/middleware/error.go:59 +0x4c\ngithub.com/gin-gonic/gin.(*Context).Next(...)\n\t/Users/aldge/go/pkg/mod/github.com/gin-gonic/gin@v1.10.0/context.go:185\ngithub.com/gin-gonic/gin.(*Engine).handleHTTPRequest(0x14001481520, 0x14000e04200)\n\t/Users/aldge/go/pkg/mod/github.com/gin-gonic/gin@v1.10.0/gin.go:633 +0x6c4\ngithub.com/gin-gonic/gin.(*Engine).ServeHTTP(0x14001481520, {0x1052a0858, 0x14000e5c0e0}, 0x14000c703c0)\n\t/Users/aldge/go/pkg/mod/github.com/gin-gonic/gin@v1.10.0/gin.go:589 +0x170\nnet/http.serverHandler.ServeHTTP({0x105297148?}, {0x1052a0858?, 0x14000e5c0e0?}, 0x6?)\n\t/Users/aldge/go/pkg/mod/golang.org/toolchain@v0.0.1-go1.24.11.darwin-arm64/src/net/http/server.go:3301 +0xbc\nnet/http.(*conn).serve(0x1400146c240, {0x1052a54e8, 0x14000e82240})\n\t/Users/aldge/go/pkg/mod/golang.org/toolchain@v0.0.1-go1.24.11.darwin-arm64/src/net/http/server.go:2102 +0x52c\ncreated by net/http.(*Server).Serve in goroutine 51\n\t/Users/aldge/go/pkg/mod/golang.org/toolchain@v0.0.1-go1.24.11.darwin-arm64/src/net/http/server.go:3454 +0x3d8\n"}
github.com/flipped-aurora/gin-vue-admin/server/initialize.Routers.GinRecovery.func4.1
	/Users/aldge/www/cine/gin-vue-admin/server/middleware/error.go:45
runtime.gopanic
	/Users/aldge/go/pkg/mod/golang.org/toolchain@v0.0.1-go1.24.11.darwin-arm64/src/runtime/panic.go:792
runtime.panicmem
	/Users/aldge/go/pkg/mod/golang.org/toolchain@v0.0.1-go1.24.11.darwin-arm64/src/runtime/panic.go:262
runtime.sigpanic
	/Users/aldge/go/pkg/mod/golang.org/toolchain@v0.0.1-go1.24.11.darwin-arm64/src/runtime/signal_unix.go:925
gorm.io/gorm.(*DB).Create
	/Users/aldge/go/pkg/mod/gorm.io/gorm@v1.25.12/finisher_api.go:18
github.com/flipped-aurora/gin-vue-admin/server/service/system.(*SysErrorService).CreateSysError
	/Users/aldge/www/cine/gin-vue-admin/server/service/system/sys_error.go:17
github.com/flipped-aurora/gin-vue-admin/server/api/v1/system.(*SysErrorApi).CreateSysError
	/Users/aldge/www/cine/gin-vue-admin/server/api/v1/system/sys_error.go:33
github.com/gin-gonic/gin.(*Context).Next
	/Users/aldge/go/pkg/mod/github.com/gin-gonic/gin@v1.10.0/context.go:185
github.com/gin-gonic/gin.LoggerWithConfig.func1
	/Users/aldge/go/pkg/mod/github.com/gin-gonic/gin@v1.10.0/logger.go:249
github.com/gin-gonic/gin.(*Context).Next
	/Users/aldge/go/pkg/mod/github.com/gin-gonic/gin@v1.10.0/context.go:185
github.com/flipped-aurora/gin-vue-admin/server/initialize.Routers.GinRecovery.func4
	/Users/aldge/www/cine/gin-vue-admin/server/middleware/error.go:59
github.com/gin-gonic/gin.(*Context).Next
	/Users/aldge/go/pkg/mod/github.com/gin-gonic/gin@v1.10.0/context.go:185
github.com/gin-gonic/gin.(*Engine).handleHTTPRequest
	/Users/aldge/go/pkg/mod/github.com/gin-gonic/gin@v1.10.0/gin.go:633
github.com/gin-gonic/gin.(*Engine).ServeHTTP
	/Users/aldge/go/pkg/mod/github.com/gin-gonic/gin@v1.10.0/gin.go:589
net/http.serverHandler.ServeHTTP
	/Users/aldge/go/pkg/mod/golang.org/toolchain@v0.0.1-go1.24.11.darwin-arm64/src/net/http/server.go:3301
net/http.(*conn).serve
	/Users/aldge/go/pkg/mod/golang.org/toolchain@v0.0.1-go1.24.11.darwin-arm64/src/net/http/server.go:2102
[github.com/flipped-aurora/gin-vue-admin/server]2025-12-10 17:50:35.552	[31merror[0m	/Users/aldge/www/cine/gin-vue-admin/server/middleware/error.go:45	[Recovery from panic]	{"error": "runtime error: invalid memory address or nil pointer dereference", "request": "POST /sysError/createSysError HTTP/1.1\r\nHost: 127.0.0.1:8888\r\nAccept: application/json, text/plain, */*\r\nAccept-Encoding: gzip, deflate, br, zstd\r\nAccept-Language: zh-CN,zh;q=0.9,en;q=0.8,en-US;q=0.7\r\nConnection: close\r\nContent-Length: 582\r\nContent-Type: application/json\r\nCookie: PHPSESSID=23aba1ded0b37a32c0f828ceee69401f; closeclick=closeclick; user_id=1; user_name=maccms; group_id=2; group_name=%E9%BB%98%E8%AE%A4%E4%BC%9A%E5%91%98; user_check=98efddfc2c24acb8aeefe93a3bcb2492; user_portrait=%2Fstatic_new%2Fimages%2Ftouxiang.png; clothes=white; adminer_key=831ead5805853452a21a49f8779b4482; adminer_sid=d0019121ebac1c91e39b9de4f126fe41; casdoor_session_id=53423ed241730bc893d367034914eac2; mac_history_dianying=%5B%7B%22vod_name%22%3A%22%E5%B0%B8%E6%9D%80%E6%B3%B0%E6%8B%B3%22%2C%22vod_url%22%3A%22http%3A%2F%2Flocalhost%3A8081%2Findex.php%2Fvod%2Fplay%2Fid%2F908%2Fsid%2F1%2Fnid%2F2.html%22%2C%22vod_part%22%3A%22HK%22%7D%5D; x-token=eyJhbGciOiJIUzI1NiIsInR5cCI6IkpXVCJ9.eyJVVUlEIjoiNDhkODNjNjktODRkNC00Yzk3LTg1MmUtNWEwMDgyMzI1ZjAzIiwiSUQiOjEsIlVzZXJuYW1lIjoiYWRtaW4iLCJOaWNrTmFtZSI6Ik1yLuWlh-a3vCIsIkF1dGhvcml0eUlkIjo4ODgsIkJ1ZmZlclRpbWUiOjg2NDAwLCJpc3MiOiJxbVBsdXMiLCJhdWQiOlsiR1ZBIl0sImV4cCI6MTc2NTk2NDY5MywibmJmIjoxNzY1MzU5ODkzfQ.urDZoB2UJ3IH8xsAllpY7TTNWZu_EYJ8adL9yDAdLaE\r\nOrigin: http://localhost:8081\r\nReferer: http://localhost:8081/\r\nSec-Ch-Ua: \"Google Chrome\";v=\"141\", \"Not?A_Brand\";v=\"8\", \"Chromium\";v=\"141\"\r\nSec-Ch-Ua-Mobile: ?0\r\nSec-Ch-Ua-Platform: \"macOS\"\r\nSec-Fetch-Dest: empty\r\nSec-Fetch-Mode: cors\r\nSec-Fetch-Site: same-origin\r\nUser-Agent: Mozilla/5.0 (Macintosh; Intel Mac OS X 10_15_7) AppleWebKit/537.36 (KHTML, like Gecko) Chrome/141.0.0.0 Safari/537.36\r\nX-Token: eyJhbGciOiJIUzI1NiIsInR5cCI6IkpXVCJ9.eyJVVUlEIjoiNDhkODNjNjktODRkNC00Yzk3LTg1MmUtNWEwMDgyMzI1ZjAzIiwiSUQiOjEsIlVzZXJuYW1lIjoiYWRtaW4iLCJOaWNrTmFtZSI6Ik1yLuWlh-a3vCIsIkF1dGhvcml0eUlkIjo4ODgsIkJ1ZmZlclRpbWUiOjg2NDAwLCJpc3MiOiJxbVBsdXMiLCJhdWQiOlsiR1ZBIl0sImV4cCI6MTc2NTk2NDY5MywibmJmIjoxNzY1MzU5ODkzfQ.urDZoB2UJ3IH8xsAllpY7TTNWZu_EYJ8adL9yDAdLaE\r\nX-User-Id: 1\r\n\r\n", "stack": "goroutine 74 [running]:\nruntime/debug.Stack()\n\t/Users/aldge/go/pkg/mod/golang.org/toolchain@v0.0.1-go1.24.11.darwin-arm64/src/runtime/debug/stack.go:26 +0x64\ngithub.com/flipped-aurora/gin-vue-admin/server/initialize.Routers.GinRecovery.func4.1()\n\t/Users/aldge/www/cine/gin-vue-admin/server/middleware/error.go:48 +0x38c\npanic({0x104fa5540?, 0x10621b0f0?})\n\t/Users/aldge/go/pkg/mod/golang.org/toolchain@v0.0.1-go1.24.11.darwin-arm64/src/runtime/panic.go:792 +0x124\ngorm.io/gorm.(*DB).Create(0x1?, {0x104f77fe0?, 0x14000f6e2d0?})\n\t/Users/aldge/go/pkg/mod/gorm.io/gorm@v1.25.12/finisher_api.go:18 +0x20\ngithub.com/flipped-aurora/gin-vue-admin/server/service/system.(*SysErrorService).CreateSysError(0x106237d60?, {0x105093ee0?, 0x104f77fe0?}, 0x14000f6e2d0?)\n\t/Users/aldge/www/cine/gin-vue-admin/server/service/system/sys_error.go:17 +0x30\ngithub.com/flipped-aurora/gin-vue-admin/server/api/v1/system.(*SysErrorApi).CreateSysError(0x1400009d768?, 0x14001880000)\n\t/Users/aldge/www/cine/gin-vue-admin/server/api/v1/system/sys_error.go:33 +0xe8\ngithub.com/gin-gonic/gin.(*Context).Next(...)\n\t/Users/aldge/go/pkg/mod/github.com/gin-gonic/gin@v1.10.0/context.go:185\ngithub.com/gin-gonic/gin.LoggerWithConfig.func1(0x14001880000)\n\t/Users/aldge/go/pkg/mod/github.com/gin-gonic/gin@v1.10.0/logger.go:249 +0xb4\ngithub.com/gin-gonic/gin.(*Context).Next(0x14001880000)\n\t/Users/aldge/go/pkg/mod/github.com/gin-gonic/gin@v1.10.0/context.go:185 +0x3c\ngithub.com/flipped-aurora/gin-vue-admin/server/initialize.Routers.GinRecovery.func4(0x20f151b006c39760?)\n\t/Users/aldge/www/cine/gin-vue-admin/server/middleware/error.go:59 +0x4c\ngithub.com/gin-gonic/gin.(*Context).Next(...)\n\t/Users/aldge/go/pkg/mod/github.com/gin-gonic/gin@v1.10.0/context.go:185\ngithub.com/gin-gonic/gin.(*Engine).handleHTTPRequest(0x14001481520, 0x14001880000)\n\t/Users/aldge/go/pkg/mod/github.com/gin-gonic/gin@v1.10.0/gin.go:633 +0x6c4\ngithub.com/gin-gonic/gin.(*Engine).ServeHTTP(0x14001481520, {0x1052a0858, 0x14000f7c0e0}, 0x14000c6aa00)\n\t/Users/aldge/go/pkg/mod/github.com/gin-gonic/gin@v1.10.0/gin.go:589 +0x170\nnet/http.serverHandler.ServeHTTP({0x105297148?}, {0x1052a0858?, 0x14000f7c0e0?}, 0x6?)\n\t/Users/aldge/go/pkg/mod/golang.org/toolchain@v0.0.1-go1.24.11.darwin-arm64/src/net/http/server.go:3301 +0xbc\nnet/http.(*conn).serve(0x14000e16e10, {0x1052a54e8, 0x14000e82240})\n\t/Users/aldge/go/pkg/mod/golang.org/toolchain@v0.0.1-go1.24.11.darwin-arm64/src/net/http/server.go:2102 +0x52c\ncreated by net/http.(*Server).Serve in goroutine 51\n\t/Users/aldge/go/pkg/mod/golang.org/toolchain@v0.0.1-go1.24.11.darwin-arm64/src/net/http/server.go:3454 +0x3d8\n"}
github.com/flipped-aurora/gin-vue-admin/server/initialize.Routers.GinRecovery.func4.1
	/Users/aldge/www/cine/gin-vue-admin/server/middleware/error.go:45
runtime.gopanic
	/Users/aldge/go/pkg/mod/golang.org/toolchain@v0.0.1-go1.24.11.darwin-arm64/src/runtime/panic.go:792
runtime.panicmem
	/Users/aldge/go/pkg/mod/golang.org/toolchain@v0.0.1-go1.24.11.darwin-arm64/src/runtime/panic.go:262
runtime.sigpanic
	/Users/aldge/go/pkg/mod/golang.org/toolchain@v0.0.1-go1.24.11.darwin-arm64/src/runtime/signal_unix.go:925
gorm.io/gorm.(*DB).Create
	/Users/aldge/go/pkg/mod/gorm.io/gorm@v1.25.12/finisher_api.go:18
github.com/flipped-aurora/gin-vue-admin/server/service/system.(*SysErrorService).CreateSysError
	/Users/aldge/www/cine/gin-vue-admin/server/service/system/sys_error.go:17
github.com/flipped-aurora/gin-vue-admin/server/api/v1/system.(*SysErrorApi).CreateSysError
	/Users/aldge/www/cine/gin-vue-admin/server/api/v1/system/sys_error.go:33
github.com/gin-gonic/gin.(*Context).Next
	/Users/aldge/go/pkg/mod/github.com/gin-gonic/gin@v1.10.0/context.go:185
github.com/gin-gonic/gin.LoggerWithConfig.func1
	/Users/aldge/go/pkg/mod/github.com/gin-gonic/gin@v1.10.0/logger.go:249
github.com/gin-gonic/gin.(*Context).Next
	/Users/aldge/go/pkg/mod/github.com/gin-gonic/gin@v1.10.0/context.go:185
github.com/flipped-aurora/gin-vue-admin/server/initialize.Routers.GinRecovery.func4
	/Users/aldge/www/cine/gin-vue-admin/server/middleware/error.go:59
github.com/gin-gonic/gin.(*Context).Next
	/Users/aldge/go/pkg/mod/github.com/gin-gonic/gin@v1.10.0/context.go:185
github.com/gin-gonic/gin.(*Engine).handleHTTPRequest
	/Users/aldge/go/pkg/mod/github.com/gin-gonic/gin@v1.10.0/gin.go:633
github.com/gin-gonic/gin.(*Engine).ServeHTTP
	/Users/aldge/go/pkg/mod/github.com/gin-gonic/gin@v1.10.0/gin.go:589
net/http.serverHandler.ServeHTTP
	/Users/aldge/go/pkg/mod/golang.org/toolchain@v0.0.1-go1.24.11.darwin-arm64/src/net/http/server.go:3301
net/http.(*conn).serve
	/Users/aldge/go/pkg/mod/golang.org/toolchain@v0.0.1-go1.24.11.darwin-arm64/src/net/http/server.go:2102
[github.com/flipped-aurora/gin-vue-admin/server]2025-12-10 17:50:35.553	[31merror[0m	/Users/aldge/www/cine/gin-vue-admin/server/middleware/error.go:45	[Recovery from panic]	{"error": "runtime error: invalid memory address or nil pointer dereference", "request": "POST /sysError/createSysError HTTP/1.1\r\nHost: 127.0.0.1:8888\r\nAccept: application/json, text/plain, */*\r\nAccept-Encoding: gzip, deflate, br, zstd\r\nAccept-Language: zh-CN,zh;q=0.9,en;q=0.8,en-US;q=0.7\r\nConnection: close\r\nContent-Length: 583\r\nContent-Type: application/json\r\nCookie: PHPSESSID=23aba1ded0b37a32c0f828ceee69401f; closeclick=closeclick; user_id=1; user_name=maccms; group_id=2; group_name=%E9%BB%98%E8%AE%A4%E4%BC%9A%E5%91%98; user_check=98efddfc2c24acb8aeefe93a3bcb2492; user_portrait=%2Fstatic_new%2Fimages%2Ftouxiang.png; clothes=white; adminer_key=831ead5805853452a21a49f8779b4482; adminer_sid=d0019121ebac1c91e39b9de4f126fe41; casdoor_session_id=53423ed241730bc893d367034914eac2; mac_history_dianying=%5B%7B%22vod_name%22%3A%22%E5%B0%B8%E6%9D%80%E6%B3%B0%E6%8B%B3%22%2C%22vod_url%22%3A%22http%3A%2F%2Flocalhost%3A8081%2Findex.php%2Fvod%2Fplay%2Fid%2F908%2Fsid%2F1%2Fnid%2F2.html%22%2C%22vod_part%22%3A%22HK%22%7D%5D; x-token=eyJhbGciOiJIUzI1NiIsInR5cCI6IkpXVCJ9.eyJVVUlEIjoiNDhkODNjNjktODRkNC00Yzk3LTg1MmUtNWEwMDgyMzI1ZjAzIiwiSUQiOjEsIlVzZXJuYW1lIjoiYWRtaW4iLCJOaWNrTmFtZSI6Ik1yLuWlh-a3vCIsIkF1dGhvcml0eUlkIjo4ODgsIkJ1ZmZlclRpbWUiOjg2NDAwLCJpc3MiOiJxbVBsdXMiLCJhdWQiOlsiR1ZBIl0sImV4cCI6MTc2NTk2NDY5MywibmJmIjoxNzY1MzU5ODkzfQ.urDZoB2UJ3IH8xsAllpY7TTNWZu_EYJ8adL9yDAdLaE\r\nOrigin: http://localhost:8081\r\nReferer: http://localhost:8081/\r\nSec-Ch-Ua: \"Google Chrome\";v=\"141\", \"Not?A_Brand\";v=\"8\", \"Chromium\";v=\"141\"\r\nSec-Ch-Ua-Mobile: ?0\r\nSec-Ch-Ua-Platform: \"macOS\"\r\nSec-Fetch-Dest: empty\r\nSec-Fetch-Mode: cors\r\nSec-Fetch-Site: same-origin\r\nUser-Agent: Mozilla/5.0 (Macintosh; Intel Mac OS X 10_15_7) AppleWebKit/537.36 (KHTML, like Gecko) Chrome/141.0.0.0 Safari/537.36\r\nX-Token: eyJhbGciOiJIUzI1NiIsInR5cCI6IkpXVCJ9.eyJVVUlEIjoiNDhkODNjNjktODRkNC00Yzk3LTg1MmUtNWEwMDgyMzI1ZjAzIiwiSUQiOjEsIlVzZXJuYW1lIjoiYWRtaW4iLCJOaWNrTmFtZSI6Ik1yLuWlh-a3vCIsIkF1dGhvcml0eUlkIjo4ODgsIkJ1ZmZlclRpbWUiOjg2NDAwLCJpc3MiOiJxbVBsdXMiLCJhdWQiOlsiR1ZBIl0sImV4cCI6MTc2NTk2NDY5MywibmJmIjoxNzY1MzU5ODkzfQ.urDZoB2UJ3IH8xsAllpY7TTNWZu_EYJ8adL9yDAdLaE\r\nX-User-Id: 1\r\n\r\n", "stack": "goroutine 11 [running]:\nruntime/debug.Stack()\n\t/Users/aldge/go/pkg/mod/golang.org/toolchain@v0.0.1-go1.24.11.darwin-arm64/src/runtime/debug/stack.go:26 +0x64\ngithub.com/flipped-aurora/gin-vue-admin/server/initialize.Routers.GinRecovery.func4.1()\n\t/Users/aldge/www/cine/gin-vue-admin/server/middleware/error.go:48 +0x38c\npanic({0x104fa5540?, 0x10621b0f0?})\n\t/Users/aldge/go/pkg/mod/golang.org/toolchain@v0.0.1-go1.24.11.darwin-arm64/src/runtime/panic.go:792 +0x124\ngorm.io/gorm.(*DB).Create(0x1?, {0x104f77fe0?, 0x14000e16f30?})\n\t/Users/aldge/go/pkg/mod/gorm.io/gorm@v1.25.12/finisher_api.go:18 +0x20\ngithub.com/flipped-aurora/gin-vue-admin/server/service/system.(*SysErrorService).CreateSysError(0x106237d60?, {0x105093ee0?, 0x104f77fe0?}, 0x14000e16f30?)\n\t/Users/aldge/www/cine/gin-vue-admin/server/service/system/sys_error.go:17 +0x30\ngithub.com/flipped-aurora/gin-vue-admin/server/api/v1/system.(*SysErrorApi).CreateSysError(0x14000f69768?, 0x14000e04200)\n\t/Users/aldge/www/cine/gin-vue-admin/server/api/v1/system/sys_error.go:33 +0xe8\ngithub.com/gin-gonic/gin.(*Context).Next(...)\n\t/Users/aldge/go/pkg/mod/github.com/gin-gonic/gin@v1.10.0/context.go:185\ngithub.com/gin-gonic/gin.LoggerWithConfig.func1(0x14000e04200)\n\t/Users/aldge/go/pkg/mod/github.com/gin-gonic/gin@v1.10.0/logger.go:249 +0xb4\ngithub.com/gin-gonic/gin.(*Context).Next(0x14000e04200)\n\t/Users/aldge/go/pkg/mod/github.com/gin-gonic/gin@v1.10.0/context.go:185 +0x3c\ngithub.com/flipped-aurora/gin-vue-admin/server/initialize.Routers.GinRecovery.func4(0x20f4d03806c39760?)\n\t/Users/aldge/www/cine/gin-vue-admin/server/middleware/error.go:59 +0x4c\ngithub.com/gin-gonic/gin.(*Context).Next(...)\n\t/Users/aldge/go/pkg/mod/github.com/gin-gonic/gin@v1.10.0/context.go:185\ngithub.com/gin-gonic/gin.(*Engine).handleHTTPRequest(0x14001481520, 0x14000e04200)\n\t/Users/aldge/go/pkg/mod/github.com/gin-gonic/gin@v1.10.0/gin.go:633 +0x6c4\ngithub.com/gin-gonic/gin.(*Engine).ServeHTTP(0x14001481520, {0x1052a0858, 0x14000e5c380}, 0x14000c7e8c0)\n\t/Users/aldge/go/pkg/mod/github.com/gin-gonic/gin@v1.10.0/gin.go:589 +0x170\nnet/http.serverHandler.ServeHTTP({0x105297148?}, {0x1052a0858?, 0x14000e5c380?}, 0x6?)\n\t/Users/aldge/go/pkg/mod/golang.org/toolchain@v0.0.1-go1.24.11.darwin-arm64/src/net/http/server.go:3301 +0xbc\nnet/http.(*conn).serve(0x14000f6e1b0, {0x1052a54e8, 0x14000e82240})\n\t/Users/aldge/go/pkg/mod/golang.org/toolchain@v0.0.1-go1.24.11.darwin-arm64/src/net/http/server.go:2102 +0x52c\ncreated by net/http.(*Server).Serve in goroutine 51\n\t/Users/aldge/go/pkg/mod/golang.org/toolchain@v0.0.1-go1.24.11.darwin-arm64/src/net/http/server.go:3454 +0x3d8\n"}
github.com/flipped-aurora/gin-vue-admin/server/initialize.Routers.GinRecovery.func4.1
	/Users/aldge/www/cine/gin-vue-admin/server/middleware/error.go:45
runtime.gopanic
	/Users/aldge/go/pkg/mod/golang.org/toolchain@v0.0.1-go1.24.11.darwin-arm64/src/runtime/panic.go:792
runtime.panicmem
	/Users/aldge/go/pkg/mod/golang.org/toolchain@v0.0.1-go1.24.11.darwin-arm64/src/runtime/panic.go:262
runtime.sigpanic
	/Users/aldge/go/pkg/mod/golang.org/toolchain@v0.0.1-go1.24.11.darwin-arm64/src/runtime/signal_unix.go:925
gorm.io/gorm.(*DB).Create
	/Users/aldge/go/pkg/mod/gorm.io/gorm@v1.25.12/finisher_api.go:18
github.com/flipped-aurora/gin-vue-admin/server/service/system.(*SysErrorService).CreateSysError
	/Users/aldge/www/cine/gin-vue-admin/server/service/system/sys_error.go:17
github.com/flipped-aurora/gin-vue-admin/server/api/v1/system.(*SysErrorApi).CreateSysError
	/Users/aldge/www/cine/gin-vue-admin/server/api/v1/system/sys_error.go:33
github.com/gin-gonic/gin.(*Context).Next
	/Users/aldge/go/pkg/mod/github.com/gin-gonic/gin@v1.10.0/context.go:185
github.com/gin-gonic/gin.LoggerWithConfig.func1
	/Users/aldge/go/pkg/mod/github.com/gin-gonic/gin@v1.10.0/logger.go:249
github.com/gin-gonic/gin.(*Context).Next
	/Users/aldge/go/pkg/mod/github.com/gin-gonic/gin@v1.10.0/context.go:185
github.com/flipped-aurora/gin-vue-admin/server/initialize.Routers.GinRecovery.func4
	/Users/aldge/www/cine/gin-vue-admin/server/middleware/error.go:59
github.com/gin-gonic/gin.(*Context).Next
	/Users/aldge/go/pkg/mod/github.com/gin-gonic/gin@v1.10.0/context.go:185
github.com/gin-gonic/gin.(*Engine).handleHTTPRequest
	/Users/aldge/go/pkg/mod/github.com/gin-gonic/gin@v1.10.0/gin.go:633
github.com/gin-gonic/gin.(*Engine).ServeHTTP
	/Users/aldge/go/pkg/mod/github.com/gin-gonic/gin@v1.10.0/gin.go:589
net/http.serverHandler.ServeHTTP
	/Users/aldge/go/pkg/mod/golang.org/toolchain@v0.0.1-go1.24.11.darwin-arm64/src/net/http/server.go:3301
net/http.(*conn).serve
	/Users/aldge/go/pkg/mod/golang.org/toolchain@v0.0.1-go1.24.11.darwin-arm64/src/net/http/server.go:2102
[github.com/flipped-aurora/gin-vue-admin/server]2025-12-10 17:51:19.014	[31merror[0m	/Users/aldge/www/cine/gin-vue-admin/server/api/v1/system/sys_user.go:60	登陆失败! 用户名不存在或者密码错误!	{"error": "db not init"}
github.com/flipped-aurora/gin-vue-admin/server/api/v1/system.(*BaseApi).Login
	/Users/aldge/www/cine/gin-vue-admin/server/api/v1/system/sys_user.go:60
github.com/gin-gonic/gin.(*Context).Next
	/Users/aldge/go/pkg/mod/github.com/gin-gonic/gin@v1.10.0/context.go:185
github.com/gin-gonic/gin.LoggerWithConfig.func1
	/Users/aldge/go/pkg/mod/github.com/gin-gonic/gin@v1.10.0/logger.go:249
github.com/gin-gonic/gin.(*Context).Next
	/Users/aldge/go/pkg/mod/github.com/gin-gonic/gin@v1.10.0/context.go:185
github.com/flipped-aurora/gin-vue-admin/server/initialize.Routers.GinRecovery.func4
	/Users/aldge/www/cine/gin-vue-admin/server/middleware/error.go:59
github.com/gin-gonic/gin.(*Context).Next
	/Users/aldge/go/pkg/mod/github.com/gin-gonic/gin@v1.10.0/context.go:185
github.com/gin-gonic/gin.(*Engine).handleHTTPRequest
	/Users/aldge/go/pkg/mod/github.com/gin-gonic/gin@v1.10.0/gin.go:633
github.com/gin-gonic/gin.(*Engine).ServeHTTP
	/Users/aldge/go/pkg/mod/github.com/gin-gonic/gin@v1.10.0/gin.go:589
net/http.serverHandler.ServeHTTP
	/Users/aldge/go/pkg/mod/golang.org/toolchain@v0.0.1-go1.24.11.darwin-arm64/src/net/http/server.go:3301
net/http.(*conn).serve
	/Users/aldge/go/pkg/mod/golang.org/toolchain@v0.0.1-go1.24.11.darwin-arm64/src/net/http/server.go:2102
[github.com/flipped-aurora/gin-vue-admin/server]2025-12-10 17:51:19.020	[31merror[0m	/Users/aldge/www/cine/gin-vue-admin/server/middleware/error.go:45	[Recovery from panic]	{"error": "runtime error: invalid memory address or nil pointer dereference", "request": "POST /base/login HTTP/1.1\r\nHost: 127.0.0.1:8888\r\nAccept: application/json, text/plain, */*\r\nAccept-Encoding: gzip, deflate, br, zstd\r\nAccept-Language: zh-CN,zh;q=0.9,en;q=0.8,en-US;q=0.7\r\nConnection: close\r\nContent-Length: 113\r\nContent-Type: application/json\r\nCookie: PHPSESSID=23aba1ded0b37a32c0f828ceee69401f; closeclick=closeclick; user_id=1; user_name=maccms; group_id=2; group_name=%E9%BB%98%E8%AE%A4%E4%BC%9A%E5%91%98; user_check=98efddfc2c24acb8aeefe93a3bcb2492; user_portrait=%2Fstatic_new%2Fimages%2Ftouxiang.png; clothes=white; adminer_key=831ead5805853452a21a49f8779b4482; adminer_sid=d0019121ebac1c91e39b9de4f126fe41; casdoor_session_id=53423ed241730bc893d367034914eac2; mac_history_dianying=%5B%7B%22vod_name%22%3A%22%E5%B0%B8%E6%9D%80%E6%B3%B0%E6%8B%B3%22%2C%22vod_url%22%3A%22http%3A%2F%2Flocalhost%3A8081%2Findex.php%2Fvod%2Fplay%2Fid%2F908%2Fsid%2F1%2Fnid%2F2.html%22%2C%22vod_part%22%3A%22HK%22%7D%5D; x-token=eyJhbGciOiJIUzI1NiIsInR5cCI6IkpXVCJ9.eyJVVUlEIjoiNDhkODNjNjktODRkNC00Yzk3LTg1MmUtNWEwMDgyMzI1ZjAzIiwiSUQiOjEsIlVzZXJuYW1lIjoiYWRtaW4iLCJOaWNrTmFtZSI6Ik1yLuWlh-a3vCIsIkF1dGhvcml0eUlkIjo4ODgsIkJ1ZmZlclRpbWUiOjg2NDAwLCJpc3MiOiJxbVBsdXMiLCJhdWQiOlsiR1ZBIl0sImV4cCI6MTc2NTk2NDY5MywibmJmIjoxNzY1MzU5ODkzfQ.urDZoB2UJ3IH8xsAllpY7TTNWZu_EYJ8adL9yDAdLaE\r\nOrigin: http://localhost:8081\r\nReferer: http://localhost:8081/\r\nSec-Ch-Ua: \"Google Chrome\";v=\"141\", \"Not?A_Brand\";v=\"8\", \"Chromium\";v=\"141\"\r\nSec-Ch-Ua-Mobile: ?0\r\nSec-Ch-Ua-Platform: \"macOS\"\r\nSec-Fetch-Dest: empty\r\nSec-Fetch-Mode: cors\r\nSec-Fetch-Site: same-origin\r\nUser-Agent: Mozilla/5.0 (Macintosh; Intel Mac OS X 10_15_7) AppleWebKit/537.36 (KHTML, like Gecko) Chrome/141.0.0.0 Safari/537.36\r\nX-Token: \r\n\r\n", "stack": "goroutine 42 [running]:\nruntime/debug.Stack()\n\t/Users/aldge/go/pkg/mod/golang.org/toolchain@v0.0.1-go1.24.11.darwin-arm64/src/runtime/debug/stack.go:26 +0x64\ngithub.com/flipped-aurora/gin-vue-admin/server/initialize.Routers.GinRecovery.func4.1()\n\t/Users/aldge/www/cine/gin-vue-admin/server/middleware/error.go:48 +0x38c\npanic({0x104fa5540?, 0x10621b0f0?})\n\t/Users/aldge/go/pkg/mod/golang.org/toolchain@v0.0.1-go1.24.11.darwin-arm64/src/runtime/panic.go:792 +0x124\ngorm.io/gorm.(*DB).Create(0x90?, {0x104f77fe0?, 0x1400146c510?})\n\t/Users/aldge/go/pkg/mod/gorm.io/gorm@v1.25.12/finisher_api.go:18 +0x20\ngithub.com/flipped-aurora/gin-vue-admin/server/service/system.(*SysErrorService).CreateSysError(0x103fb16cd?, {0x5f?, 0x140019eceb0?}, 0x7?)\n\t/Users/aldge/www/cine/gin-vue-admin/server/service/system/sys_error.go:17 +0x30\ngithub.com/flipped-aurora/gin-vue-admin/server/core/internal.(*ZapCore).Write(0x1400000e690, {0x2, {0xc2466e85c0e05d80, 0x114b0d3595, 0x106c3b160}, {0x0, 0x0}, {0x103f97292, 0x33}, {0x1, ...}, ...}, ...)\n\t/Users/aldge/www/cine/gin-vue-admin/server/core/internal/zap_core.go:126 +0x924\ngo.uber.org/zap/zapcore.(*CheckedEntry).Write(0x14000e11860, {0x14000e8a3c0, 0x1, 0x1})\n\t/Users/aldge/go/pkg/mod/go.uber.org/zap@v1.27.0/zapcore/entry.go:253 +0xdc\ngo.uber.org/zap.(*Logger).Error(0x14000ecbd80?, {0x103f97292?, 0x9?}, {0x14000e8a3c0, 0x1, 0x1})\n\t/Users/aldge/go/pkg/mod/go.uber.org/zap@v1.27.0/logger.go:263 +0x4c\ngithub.com/flipped-aurora/gin-vue-admin/server/api/v1/system.(*BaseApi).Login(0x106c671a0, 0x14001464000)\n\t/Users/aldge/www/cine/gin-vue-admin/server/api/v1/system/sys_user.go:60 +0x38c\ngithub.com/gin-gonic/gin.(*Context).Next(...)\n\t/Users/aldge/go/pkg/mod/github.com/gin-gonic/gin@v1.10.0/context.go:185\ngithub.com/gin-gonic/gin.LoggerWithConfig.func1(0x14001464000)\n\t/Users/aldge/go/pkg/mod/github.com/gin-gonic/gin@v1.10.0/logger.go:249 +0xb4\ngithub.com/gin-gonic/gin.(*Context).Next(0x14001464000)\n\t/Users/aldge/go/pkg/mod/github.com/gin-gonic/gin@v1.10.0/context.go:185 +0x3c\ngithub.com/flipped-aurora/gin-vue-admin/server/initialize.Routers.GinRecovery.func4(0xddb9b806c39760?)\n\t/Users/aldge/www/cine/gin-vue-admin/server/middleware/error.go:59 +0x4c\ngithub.com/gin-gonic/gin.(*Context).Next(...)\n\t/Users/aldge/go/pkg/mod/github.com/gin-gonic/gin@v1.10.0/context.go:185\ngithub.com/gin-gonic/gin.(*Engine).handleHTTPRequest(0x14001481520, 0x14001464000)\n\t/Users/aldge/go/pkg/mod/github.com/gin-gonic/gin@v1.10.0/gin.go:633 +0x6c4\ngithub.com/gin-gonic/gin.(*Engine).ServeHTTP(0x14001481520, {0x1052a0858, 0x14000efc1c0}, 0x14000c70b40)\n\t/Users/aldge/go/pkg/mod/github.com/gin-gonic/gin@v1.10.0/gin.go:589 +0x170\nnet/http.serverHandler.ServeHTTP({0x105297148?}, {0x1052a0858?, 0x14000efc1c0?}, 0x6?)\n\t/Users/aldge/go/pkg/mod/golang.org/toolchain@v0.0.1-go1.24.11.darwin-arm64/src/net/http/server.go:3301 +0xbc\nnet/http.(*conn).serve(0x1400146c3f0, {0x1052a54e8, 0x14000e82240})\n\t/Users/aldge/go/pkg/mod/golang.org/toolchain@v0.0.1-go1.24.11.darwin-arm64/src/net/http/server.go:2102 +0x52c\ncreated by net/http.(*Server).Serve in goroutine 51\n\t/Users/aldge/go/pkg/mod/golang.org/toolchain@v0.0.1-go1.24.11.darwin-arm64/src/net/http/server.go:3454 +0x3d8\n"}
github.com/flipped-aurora/gin-vue-admin/server/initialize.Routers.GinRecovery.func4.1
	/Users/aldge/www/cine/gin-vue-admin/server/middleware/error.go:45
runtime.gopanic
	/Users/aldge/go/pkg/mod/golang.org/toolchain@v0.0.1-go1.24.11.darwin-arm64/src/runtime/panic.go:792
runtime.panicmem
	/Users/aldge/go/pkg/mod/golang.org/toolchain@v0.0.1-go1.24.11.darwin-arm64/src/runtime/panic.go:262
runtime.sigpanic
	/Users/aldge/go/pkg/mod/golang.org/toolchain@v0.0.1-go1.24.11.darwin-arm64/src/runtime/signal_unix.go:925
gorm.io/gorm.(*DB).Create
	/Users/aldge/go/pkg/mod/gorm.io/gorm@v1.25.12/finisher_api.go:18
github.com/flipped-aurora/gin-vue-admin/server/service/system.(*SysErrorService).CreateSysError
	/Users/aldge/www/cine/gin-vue-admin/server/service/system/sys_error.go:17
github.com/flipped-aurora/gin-vue-admin/server/core/internal.(*ZapCore).Write
	/Users/aldge/www/cine/gin-vue-admin/server/core/internal/zap_core.go:126
go.uber.org/zap/zapcore.(*CheckedEntry).Write
	/Users/aldge/go/pkg/mod/go.uber.org/zap@v1.27.0/zapcore/entry.go:253
go.uber.org/zap.(*Logger).Error
	/Users/aldge/go/pkg/mod/go.uber.org/zap@v1.27.0/logger.go:263
github.com/flipped-aurora/gin-vue-admin/server/api/v1/system.(*BaseApi).Login
	/Users/aldge/www/cine/gin-vue-admin/server/api/v1/system/sys_user.go:60
github.com/gin-gonic/gin.(*Context).Next
	/Users/aldge/go/pkg/mod/github.com/gin-gonic/gin@v1.10.0/context.go:185
github.com/gin-gonic/gin.LoggerWithConfig.func1
	/Users/aldge/go/pkg/mod/github.com/gin-gonic/gin@v1.10.0/logger.go:249
github.com/gin-gonic/gin.(*Context).Next
	/Users/aldge/go/pkg/mod/github.com/gin-gonic/gin@v1.10.0/context.go:185
github.com/flipped-aurora/gin-vue-admin/server/initialize.Routers.GinRecovery.func4
	/Users/aldge/www/cine/gin-vue-admin/server/middleware/error.go:59
github.com/gin-gonic/gin.(*Context).Next
	/Users/aldge/go/pkg/mod/github.com/gin-gonic/gin@v1.10.0/context.go:185
github.com/gin-gonic/gin.(*Engine).handleHTTPRequest
	/Users/aldge/go/pkg/mod/github.com/gin-gonic/gin@v1.10.0/gin.go:633
github.com/gin-gonic/gin.(*Engine).ServeHTTP
	/Users/aldge/go/pkg/mod/github.com/gin-gonic/gin@v1.10.0/gin.go:589
net/http.serverHandler.ServeHTTP
	/Users/aldge/go/pkg/mod/golang.org/toolchain@v0.0.1-go1.24.11.darwin-arm64/src/net/http/server.go:3301
net/http.(*conn).serve
	/Users/aldge/go/pkg/mod/golang.org/toolchain@v0.0.1-go1.24.11.darwin-arm64/src/net/http/server.go:2102
[github.com/flipped-aurora/gin-vue-admin/server]2025-12-10 17:52:19.027	[31merror[0m	/Users/aldge/www/cine/gin-vue-admin/server/api/v1/system/sys_user.go:60	登陆失败! 用户名不存在或者密码错误!	{"error": "db not init"}
github.com/flipped-aurora/gin-vue-admin/server/api/v1/system.(*BaseApi).Login
	/Users/aldge/www/cine/gin-vue-admin/server/api/v1/system/sys_user.go:60
github.com/gin-gonic/gin.(*Context).Next
	/Users/aldge/go/pkg/mod/github.com/gin-gonic/gin@v1.10.0/context.go:185
github.com/gin-gonic/gin.LoggerWithConfig.func1
	/Users/aldge/go/pkg/mod/github.com/gin-gonic/gin@v1.10.0/logger.go:249
github.com/gin-gonic/gin.(*Context).Next
	/Users/aldge/go/pkg/mod/github.com/gin-gonic/gin@v1.10.0/context.go:185
github.com/flipped-aurora/gin-vue-admin/server/initialize.Routers.GinRecovery.func4
	/Users/aldge/www/cine/gin-vue-admin/server/middleware/error.go:59
github.com/gin-gonic/gin.(*Context).Next
	/Users/aldge/go/pkg/mod/github.com/gin-gonic/gin@v1.10.0/context.go:185
github.com/gin-gonic/gin.(*Engine).handleHTTPRequest
	/Users/aldge/go/pkg/mod/github.com/gin-gonic/gin@v1.10.0/gin.go:633
github.com/gin-gonic/gin.(*Engine).ServeHTTP
	/Users/aldge/go/pkg/mod/github.com/gin-gonic/gin@v1.10.0/gin.go:589
net/http.serverHandler.ServeHTTP
	/Users/aldge/go/pkg/mod/golang.org/toolchain@v0.0.1-go1.24.11.darwin-arm64/src/net/http/server.go:3301
net/http.(*conn).serve
	/Users/aldge/go/pkg/mod/golang.org/toolchain@v0.0.1-go1.24.11.darwin-arm64/src/net/http/server.go:2102
[github.com/flipped-aurora/gin-vue-admin/server]2025-12-10 17:52:19.030	[31merror[0m	/Users/aldge/www/cine/gin-vue-admin/server/middleware/error.go:45	[Recovery from panic]	{"error": "runtime error: invalid memory address or nil pointer dereference", "request": "POST /base/login HTTP/1.1\r\nHost: 127.0.0.1:8888\r\nAccept: application/json, text/plain, */*\r\nAccept-Encoding: gzip, deflate, br, zstd\r\nAccept-Language: zh-CN,zh;q=0.9,en;q=0.8,en-US;q=0.7\r\nConnection: close\r\nContent-Length: 113\r\nContent-Type: application/json\r\nCookie: PHPSESSID=23aba1ded0b37a32c0f828ceee69401f; closeclick=closeclick; user_id=1; user_name=maccms; group_id=2; group_name=%E9%BB%98%E8%AE%A4%E4%BC%9A%E5%91%98; user_check=98efddfc2c24acb8aeefe93a3bcb2492; user_portrait=%2Fstatic_new%2Fimages%2Ftouxiang.png; clothes=white; adminer_key=831ead5805853452a21a49f8779b4482; adminer_sid=d0019121ebac1c91e39b9de4f126fe41; casdoor_session_id=53423ed241730bc893d367034914eac2; mac_history_dianying=%5B%7B%22vod_name%22%3A%22%E5%B0%B8%E6%9D%80%E6%B3%B0%E6%8B%B3%22%2C%22vod_url%22%3A%22http%3A%2F%2Flocalhost%3A8081%2Findex.php%2Fvod%2Fplay%2Fid%2F908%2Fsid%2F1%2Fnid%2F2.html%22%2C%22vod_part%22%3A%22HK%22%7D%5D; x-token=eyJhbGciOiJIUzI1NiIsInR5cCI6IkpXVCJ9.eyJVVUlEIjoiNDhkODNjNjktODRkNC00Yzk3LTg1MmUtNWEwMDgyMzI1ZjAzIiwiSUQiOjEsIlVzZXJuYW1lIjoiYWRtaW4iLCJOaWNrTmFtZSI6Ik1yLuWlh-a3vCIsIkF1dGhvcml0eUlkIjo4ODgsIkJ1ZmZlclRpbWUiOjg2NDAwLCJpc3MiOiJxbVBsdXMiLCJhdWQiOlsiR1ZBIl0sImV4cCI6MTc2NTk2NDY5MywibmJmIjoxNzY1MzU5ODkzfQ.urDZoB2UJ3IH8xsAllpY7TTNWZu_EYJ8adL9yDAdLaE\r\nOrigin: http://localhost:8081\r\nReferer: http://localhost:8081/\r\nSec-Ch-Ua: \"Google Chrome\";v=\"141\", \"Not?A_Brand\";v=\"8\", \"Chromium\";v=\"141\"\r\nSec-Ch-Ua-Mobile: ?0\r\nSec-Ch-Ua-Platform: \"macOS\"\r\nSec-Fetch-Dest: empty\r\nSec-Fetch-Mode: cors\r\nSec-Fetch-Site: same-origin\r\nUser-Agent: Mozilla/5.0 (Macintosh; Intel Mac OS X 10_15_7) AppleWebKit/537.36 (KHTML, like Gecko) Chrome/141.0.0.0 Safari/537.36\r\nX-Token: \r\n\r\n", "stack": "goroutine 54 [running]:\nruntime/debug.Stack()\n\t/Users/aldge/go/pkg/mod/golang.org/toolchain@v0.0.1-go1.24.11.darwin-arm64/src/runtime/debug/stack.go:26 +0x64\ngithub.com/flipped-aurora/gin-vue-admin/server/initialize.Routers.GinRecovery.func4.1()\n\t/Users/aldge/www/cine/gin-vue-admin/server/middleware/error.go:48 +0x38c\npanic({0x104fa5540?, 0x10621b0f0?})\n\t/Users/aldge/go/pkg/mod/golang.org/toolchain@v0.0.1-go1.24.11.darwin-arm64/src/runtime/panic.go:792 +0x124\ngorm.io/gorm.(*DB).Create(0x90?, {0x104f77fe0?, 0x14000d16750?})\n\t/Users/aldge/go/pkg/mod/gorm.io/gorm@v1.25.12/finisher_api.go:18 +0x20\ngithub.com/flipped-aurora/gin-vue-admin/server/service/system.(*SysErrorService).CreateSysError(0x103fb16cd?, {0x5f?, 0x1400140eeb0?}, 0x7?)\n\t/Users/aldge/www/cine/gin-vue-admin/server/service/system/sys_error.go:17 +0x30\ngithub.com/flipped-aurora/gin-vue-admin/server/core/internal.(*ZapCore).Write(0x1400000e690, {0x2, {0xc2466e94c1ab2790, 0x1f442ce3e8, 0x106c3b160}, {0x0, 0x0}, {0x103f97292, 0x33}, {0x1, ...}, ...}, ...)\n\t/Users/aldge/www/cine/gin-vue-admin/server/core/internal/zap_core.go:126 +0x924\ngo.uber.org/zap/zapcore.(*CheckedEntry).Write(0x14000421a00, {0x140019e4140, 0x1, 0x1})\n\t/Users/aldge/go/pkg/mod/go.uber.org/zap@v1.27.0/zapcore/entry.go:253 +0xdc\ngo.uber.org/zap.(*Logger).Error(0x14000ecbd80?, {0x103f97292?, 0x9?}, {0x140019e4140, 0x1, 0x1})\n\t/Users/aldge/go/pkg/mod/go.uber.org/zap@v1.27.0/logger.go:263 +0x4c\ngithub.com/flipped-aurora/gin-vue-admin/server/api/v1/system.(*BaseApi).Login(0x106c671a0, 0x14000e04200)\n\t/Users/aldge/www/cine/gin-vue-admin/server/api/v1/system/sys_user.go:60 +0x38c\ngithub.com/gin-gonic/gin.(*Context).Next(...)\n\t/Users/aldge/go/pkg/mod/github.com/gin-gonic/gin@v1.10.0/context.go:185\ngithub.com/gin-gonic/gin.LoggerWithConfig.func1(0x14000e04200)\n\t/Users/aldge/go/pkg/mod/github.com/gin-gonic/gin@v1.10.0/logger.go:249 +0xb4\ngithub.com/gin-gonic/gin.(*Context).Next(0x14000e04200)\n\t/Users/aldge/go/pkg/mod/github.com/gin-gonic/gin@v1.10.0/context.go:185 +0x3c\ngithub.com/flipped-aurora/gin-vue-admin/server/initialize.Routers.GinRecovery.func4(0x14000100008?)\n\t/Users/aldge/www/cine/gin-vue-admin/server/middleware/error.go:59 +0x4c\ngithub.com/gin-gonic/gin.(*Context).Next(...)\n\t/Users/aldge/go/pkg/mod/github.com/gin-gonic/gin@v1.10.0/context.go:185\ngithub.com/gin-gonic/gin.(*Engine).handleHTTPRequest(0x14001481520, 0x14000e04200)\n\t/Users/aldge/go/pkg/mod/github.com/gin-gonic/gin@v1.10.0/gin.go:633 +0x6c4\ngithub.com/gin-gonic/gin.(*Engine).ServeHTTP(0x14001481520, {0x1052a0858, 0x140002020e0}, 0x14000212140)\n\t/Users/aldge/go/pkg/mod/github.com/gin-gonic/gin@v1.10.0/gin.go:589 +0x170\nnet/http.serverHandler.ServeHTTP({0x105297148?}, {0x1052a0858?, 0x140002020e0?}, 0x6?)\n\t/Users/aldge/go/pkg/mod/golang.org/toolchain@v0.0.1-go1.24.11.darwin-arm64/src/net/http/server.go:3301 +0xbc\nnet/http.(*conn).serve(0x14000d161b0, {0x1052a54e8, 0x14000e82240})\n\t/Users/aldge/go/pkg/mod/golang.org/toolchain@v0.0.1-go1.24.11.darwin-arm64/src/net/http/server.go:2102 +0x52c\ncreated by net/http.(*Server).Serve in goroutine 51\n\t/Users/aldge/go/pkg/mod/golang.org/toolchain@v0.0.1-go1.24.11.darwin-arm64/src/net/http/server.go:3454 +0x3d8\n"}
github.com/flipped-aurora/gin-vue-admin/server/initialize.Routers.GinRecovery.func4.1
	/Users/aldge/www/cine/gin-vue-admin/server/middleware/error.go:45
runtime.gopanic
	/Users/aldge/go/pkg/mod/golang.org/toolchain@v0.0.1-go1.24.11.darwin-arm64/src/runtime/panic.go:792
runtime.panicmem
	/Users/aldge/go/pkg/mod/golang.org/toolchain@v0.0.1-go1.24.11.darwin-arm64/src/runtime/panic.go:262
runtime.sigpanic
	/Users/aldge/go/pkg/mod/golang.org/toolchain@v0.0.1-go1.24.11.darwin-arm64/src/runtime/signal_unix.go:925
gorm.io/gorm.(*DB).Create
	/Users/aldge/go/pkg/mod/gorm.io/gorm@v1.25.12/finisher_api.go:18
github.com/flipped-aurora/gin-vue-admin/server/service/system.(*SysErrorService).CreateSysError
	/Users/aldge/www/cine/gin-vue-admin/server/service/system/sys_error.go:17
github.com/flipped-aurora/gin-vue-admin/server/core/internal.(*ZapCore).Write
	/Users/aldge/www/cine/gin-vue-admin/server/core/internal/zap_core.go:126
go.uber.org/zap/zapcore.(*CheckedEntry).Write
	/Users/aldge/go/pkg/mod/go.uber.org/zap@v1.27.0/zapcore/entry.go:253
go.uber.org/zap.(*Logger).Error
	/Users/aldge/go/pkg/mod/go.uber.org/zap@v1.27.0/logger.go:263
github.com/flipped-aurora/gin-vue-admin/server/api/v1/system.(*BaseApi).Login
	/Users/aldge/www/cine/gin-vue-admin/server/api/v1/system/sys_user.go:60
github.com/gin-gonic/gin.(*Context).Next
	/Users/aldge/go/pkg/mod/github.com/gin-gonic/gin@v1.10.0/context.go:185
github.com/gin-gonic/gin.LoggerWithConfig.func1
	/Users/aldge/go/pkg/mod/github.com/gin-gonic/gin@v1.10.0/logger.go:249
github.com/gin-gonic/gin.(*Context).Next
	/Users/aldge/go/pkg/mod/github.com/gin-gonic/gin@v1.10.0/context.go:185
github.com/flipped-aurora/gin-vue-admin/server/initialize.Routers.GinRecovery.func4
	/Users/aldge/www/cine/gin-vue-admin/server/middleware/error.go:59
github.com/gin-gonic/gin.(*Context).Next
	/Users/aldge/go/pkg/mod/github.com/gin-gonic/gin@v1.10.0/context.go:185
github.com/gin-gonic/gin.(*Engine).handleHTTPRequest
	/Users/aldge/go/pkg/mod/github.com/gin-gonic/gin@v1.10.0/gin.go:633
github.com/gin-gonic/gin.(*Engine).ServeHTTP
	/Users/aldge/go/pkg/mod/github.com/gin-gonic/gin@v1.10.0/gin.go:589
net/http.serverHandler.ServeHTTP
	/Users/aldge/go/pkg/mod/golang.org/toolchain@v0.0.1-go1.24.11.darwin-arm64/src/net/http/server.go:3301
net/http.(*conn).serve
	/Users/aldge/go/pkg/mod/golang.org/toolchain@v0.0.1-go1.24.11.darwin-arm64/src/net/http/server.go:2102
[github.com/flipped-aurora/gin-vue-admin/server]2025-12-10 18:17:54.866	[31merror[0m	/Users/aldge/www/cine/gin-vue-admin/server/api/v1/system/sys_auto_code.go:112	大模型生成失败!	{"error": "请先前往插件市场个人中心获取AiPath并填入config.yaml中"}
github.com/flipped-aurora/gin-vue-admin/server/api/v1/system.(*AutoCodeApi).LLMAuto
	/Users/aldge/www/cine/gin-vue-admin/server/api/v1/system/sys_auto_code.go:112
github.com/gin-gonic/gin.(*Context).Next
	/Users/aldge/go/pkg/mod/github.com/gin-gonic/gin@v1.10.0/context.go:185
github.com/gin-gonic/gin.LoggerWithConfig.func1
	/Users/aldge/go/pkg/mod/github.com/gin-gonic/gin@v1.10.0/logger.go:249
github.com/gin-gonic/gin.(*Context).Next
	/Users/aldge/go/pkg/mod/github.com/gin-gonic/gin@v1.10.0/context.go:185
github.com/flipped-aurora/gin-vue-admin/server/initialize.Routers.GinRecovery.func4
	/Users/aldge/www/cine/gin-vue-admin/server/middleware/error.go:59
github.com/gin-gonic/gin.(*Context).Next
	/Users/aldge/go/pkg/mod/github.com/gin-gonic/gin@v1.10.0/context.go:185
github.com/gin-gonic/gin.(*Engine).handleHTTPRequest
	/Users/aldge/go/pkg/mod/github.com/gin-gonic/gin@v1.10.0/gin.go:633
github.com/gin-gonic/gin.(*Engine).ServeHTTP
	/Users/aldge/go/pkg/mod/github.com/gin-gonic/gin@v1.10.0/gin.go:589
net/http.serverHandler.ServeHTTP
	/Users/aldge/go/pkg/mod/golang.org/toolchain@v0.0.1-go1.24.11.darwin-arm64/src/net/http/server.go:3301
net/http.(*conn).serve
	/Users/aldge/go/pkg/mod/golang.org/toolchain@v0.0.1-go1.24.11.darwin-arm64/src/net/http/server.go:2102
[github.com/flipped-aurora/gin-vue-admin/server]2025-12-10 18:32:46.595	[31merror[0m	/Users/aldge/www/cine/gin-vue-admin/server/api/v1/system/sys_initdb.go:23	已存在数据库配置!
github.com/flipped-aurora/gin-vue-admin/server/api/v1/system.(*DBApi).InitDB
	/Users/aldge/www/cine/gin-vue-admin/server/api/v1/system/sys_initdb.go:23
github.com/gin-gonic/gin.(*Context).Next
	/Users/aldge/go/pkg/mod/github.com/gin-gonic/gin@v1.10.0/context.go:185
github.com/gin-gonic/gin.LoggerWithConfig.func1
	/Users/aldge/go/pkg/mod/github.com/gin-gonic/gin@v1.10.0/logger.go:249
github.com/gin-gonic/gin.(*Context).Next
	/Users/aldge/go/pkg/mod/github.com/gin-gonic/gin@v1.10.0/context.go:185
github.com/flipped-aurora/gin-vue-admin/server/initialize.Routers.GinRecovery.func4
	/Users/aldge/www/cine/gin-vue-admin/server/middleware/error.go:59
github.com/gin-gonic/gin.(*Context).Next
	/Users/aldge/go/pkg/mod/github.com/gin-gonic/gin@v1.10.0/context.go:185
github.com/gin-gonic/gin.(*Engine).handleHTTPRequest
	/Users/aldge/go/pkg/mod/github.com/gin-gonic/gin@v1.10.0/gin.go:633
github.com/gin-gonic/gin.(*Engine).ServeHTTP
	/Users/aldge/go/pkg/mod/github.com/gin-gonic/gin@v1.10.0/gin.go:589
net/http.serverHandler.ServeHTTP
	/Users/aldge/go/pkg/mod/golang.org/toolchain@v0.0.1-go1.24.11.darwin-arm64/src/net/http/server.go:3301
net/http.(*conn).serve
	/Users/aldge/go/pkg/mod/golang.org/toolchain@v0.0.1-go1.24.11.darwin-arm64/src/net/http/server.go:2102
[github.com/flipped-aurora/gin-vue-admin/server]2025-12-10 18:33:00.681	[31merror[0m	/Users/aldge/www/cine/gin-vue-admin/server/api/v1/system/sys_initdb.go:23	已存在数据库配置!
github.com/flipped-aurora/gin-vue-admin/server/api/v1/system.(*DBApi).InitDB
	/Users/aldge/www/cine/gin-vue-admin/server/api/v1/system/sys_initdb.go:23
github.com/gin-gonic/gin.(*Context).Next
	/Users/aldge/go/pkg/mod/github.com/gin-gonic/gin@v1.10.0/context.go:185
github.com/gin-gonic/gin.LoggerWithConfig.func1
	/Users/aldge/go/pkg/mod/github.com/gin-gonic/gin@v1.10.0/logger.go:249
github.com/gin-gonic/gin.(*Context).Next
	/Users/aldge/go/pkg/mod/github.com/gin-gonic/gin@v1.10.0/context.go:185
github.com/flipped-aurora/gin-vue-admin/server/initialize.Routers.GinRecovery.func4
	/Users/aldge/www/cine/gin-vue-admin/server/middleware/error.go:59
github.com/gin-gonic/gin.(*Context).Next
	/Users/aldge/go/pkg/mod/github.com/gin-gonic/gin@v1.10.0/context.go:185
github.com/gin-gonic/gin.(*Engine).handleHTTPRequest
	/Users/aldge/go/pkg/mod/github.com/gin-gonic/gin@v1.10.0/gin.go:633
github.com/gin-gonic/gin.(*Engine).ServeHTTP
	/Users/aldge/go/pkg/mod/github.com/gin-gonic/gin@v1.10.0/gin.go:589
net/http.serverHandler.ServeHTTP
	/Users/aldge/go/pkg/mod/golang.org/toolchain@v0.0.1-go1.24.11.darwin-arm64/src/net/http/server.go:3301
net/http.(*conn).serve
	/Users/aldge/go/pkg/mod/golang.org/toolchain@v0.0.1-go1.24.11.darwin-arm64/src/net/http/server.go:2102
[github.com/flipped-aurora/gin-vue-admin/server]2025-12-10 18:33:03.877	[31merror[0m	/Users/aldge/www/cine/gin-vue-admin/server/api/v1/system/sys_error.go:35	创建失败!	{"error": "Error 1049 (42000): Unknown database 'gva'"}
github.com/flipped-aurora/gin-vue-admin/server/api/v1/system.(*SysErrorApi).CreateSysError
	/Users/aldge/www/cine/gin-vue-admin/server/api/v1/system/sys_error.go:35
github.com/gin-gonic/gin.(*Context).Next
	/Users/aldge/go/pkg/mod/github.com/gin-gonic/gin@v1.10.0/context.go:185
github.com/gin-gonic/gin.LoggerWithConfig.func1
	/Users/aldge/go/pkg/mod/github.com/gin-gonic/gin@v1.10.0/logger.go:249
github.com/gin-gonic/gin.(*Context).Next
	/Users/aldge/go/pkg/mod/github.com/gin-gonic/gin@v1.10.0/context.go:185
github.com/flipped-aurora/gin-vue-admin/server/initialize.Routers.GinRecovery.func4
	/Users/aldge/www/cine/gin-vue-admin/server/middleware/error.go:59
github.com/gin-gonic/gin.(*Context).Next
	/Users/aldge/go/pkg/mod/github.com/gin-gonic/gin@v1.10.0/context.go:185
github.com/gin-gonic/gin.(*Engine).handleHTTPRequest
	/Users/aldge/go/pkg/mod/github.com/gin-gonic/gin@v1.10.0/gin.go:633
github.com/gin-gonic/gin.(*Engine).ServeHTTP
	/Users/aldge/go/pkg/mod/github.com/gin-gonic/gin@v1.10.0/gin.go:589
net/http.serverHandler.ServeHTTP
	/Users/aldge/go/pkg/mod/golang.org/toolchain@v0.0.1-go1.24.11.darwin-arm64/src/net/http/server.go:3301
net/http.(*conn).serve
	/Users/aldge/go/pkg/mod/golang.org/toolchain@v0.0.1-go1.24.11.darwin-arm64/src/net/http/server.go:2102
[github.com/flipped-aurora/gin-vue-admin/server]2025-12-10 18:33:09.857	[31merror[0m	/Users/aldge/www/cine/gin-vue-admin/server/api/v1/system/sys_initdb.go:23	已存在数据库配置!
github.com/flipped-aurora/gin-vue-admin/server/api/v1/system.(*DBApi).InitDB
	/Users/aldge/www/cine/gin-vue-admin/server/api/v1/system/sys_initdb.go:23
github.com/gin-gonic/gin.(*Context).Next
	/Users/aldge/go/pkg/mod/github.com/gin-gonic/gin@v1.10.0/context.go:185
github.com/gin-gonic/gin.LoggerWithConfig.func1
	/Users/aldge/go/pkg/mod/github.com/gin-gonic/gin@v1.10.0/logger.go:249
github.com/gin-gonic/gin.(*Context).Next
	/Users/aldge/go/pkg/mod/github.com/gin-gonic/gin@v1.10.0/context.go:185
github.com/flipped-aurora/gin-vue-admin/server/initialize.Routers.GinRecovery.func4
	/Users/aldge/www/cine/gin-vue-admin/server/middleware/error.go:59
github.com/gin-gonic/gin.(*Context).Next
	/Users/aldge/go/pkg/mod/github.com/gin-gonic/gin@v1.10.0/context.go:185
github.com/gin-gonic/gin.(*Engine).handleHTTPRequest
	/Users/aldge/go/pkg/mod/github.com/gin-gonic/gin@v1.10.0/gin.go:633
github.com/gin-gonic/gin.(*Engine).ServeHTTP
	/Users/aldge/go/pkg/mod/github.com/gin-gonic/gin@v1.10.0/gin.go:589
net/http.serverHandler.ServeHTTP
	/Users/aldge/go/pkg/mod/golang.org/toolchain@v0.0.1-go1.24.11.darwin-arm64/src/net/http/server.go:3301
net/http.(*conn).serve
	/Users/aldge/go/pkg/mod/golang.org/toolchain@v0.0.1-go1.24.11.darwin-arm64/src/net/http/server.go:2102
[github.com/flipped-aurora/gin-vue-admin/server]2025-12-10 18:33:28.053	[31merror[0m	/Users/aldge/www/cine/gin-vue-admin/server/api/v1/system/sys_error.go:35	创建失败!	{"error": "Error 1049 (42000): Unknown database 'gva'"}
github.com/flipped-aurora/gin-vue-admin/server/api/v1/system.(*SysErrorApi).CreateSysError
	/Users/aldge/www/cine/gin-vue-admin/server/api/v1/system/sys_error.go:35
github.com/gin-gonic/gin.(*Context).Next
	/Users/aldge/go/pkg/mod/github.com/gin-gonic/gin@v1.10.0/context.go:185
github.com/gin-gonic/gin.LoggerWithConfig.func1
	/Users/aldge/go/pkg/mod/github.com/gin-gonic/gin@v1.10.0/logger.go:249
github.com/gin-gonic/gin.(*Context).Next
	/Users/aldge/go/pkg/mod/github.com/gin-gonic/gin@v1.10.0/context.go:185
github.com/flipped-aurora/gin-vue-admin/server/initialize.Routers.GinRecovery.func4
	/Users/aldge/www/cine/gin-vue-admin/server/middleware/error.go:59
github.com/gin-gonic/gin.(*Context).Next
	/Users/aldge/go/pkg/mod/github.com/gin-gonic/gin@v1.10.0/context.go:185
github.com/gin-gonic/gin.(*Engine).handleHTTPRequest
	/Users/aldge/go/pkg/mod/github.com/gin-gonic/gin@v1.10.0/gin.go:633
github.com/gin-gonic/gin.(*Engine).ServeHTTP
	/Users/aldge/go/pkg/mod/github.com/gin-gonic/gin@v1.10.0/gin.go:589
net/http.serverHandler.ServeHTTP
	/Users/aldge/go/pkg/mod/golang.org/toolchain@v0.0.1-go1.24.11.darwin-arm64/src/net/http/server.go:3301
net/http.(*conn).serve
	/Users/aldge/go/pkg/mod/golang.org/toolchain@v0.0.1-go1.24.11.darwin-arm64/src/net/http/server.go:2102
[github.com/flipped-aurora/gin-vue-admin/server]2025-12-10 18:33:34.369	[31merror[0m	/Users/aldge/www/cine/gin-vue-admin/server/api/v1/system/sys_initdb.go:23	已存在数据库配置!
github.com/flipped-aurora/gin-vue-admin/server/api/v1/system.(*DBApi).InitDB
	/Users/aldge/www/cine/gin-vue-admin/server/api/v1/system/sys_initdb.go:23
github.com/gin-gonic/gin.(*Context).Next
	/Users/aldge/go/pkg/mod/github.com/gin-gonic/gin@v1.10.0/context.go:185
github.com/gin-gonic/gin.LoggerWithConfig.func1
	/Users/aldge/go/pkg/mod/github.com/gin-gonic/gin@v1.10.0/logger.go:249
github.com/gin-gonic/gin.(*Context).Next
	/Users/aldge/go/pkg/mod/github.com/gin-gonic/gin@v1.10.0/context.go:185
github.com/flipped-aurora/gin-vue-admin/server/initialize.Routers.GinRecovery.func4
	/Users/aldge/www/cine/gin-vue-admin/server/middleware/error.go:59
github.com/gin-gonic/gin.(*Context).Next
	/Users/aldge/go/pkg/mod/github.com/gin-gonic/gin@v1.10.0/context.go:185
github.com/gin-gonic/gin.(*Engine).handleHTTPRequest
	/Users/aldge/go/pkg/mod/github.com/gin-gonic/gin@v1.10.0/gin.go:633
github.com/gin-gonic/gin.(*Engine).ServeHTTP
	/Users/aldge/go/pkg/mod/github.com/gin-gonic/gin@v1.10.0/gin.go:589
net/http.serverHandler.ServeHTTP
	/Users/aldge/go/pkg/mod/golang.org/toolchain@v0.0.1-go1.24.11.darwin-arm64/src/net/http/server.go:3301
net/http.(*conn).serve
	/Users/aldge/go/pkg/mod/golang.org/toolchain@v0.0.1-go1.24.11.darwin-arm64/src/net/http/server.go:2102
[github.com/flipped-aurora/gin-vue-admin/server]2025-12-10 18:35:15.608	[31merror[0m	/Users/aldge/www/cine/gin-vue-admin/server/api/v1/system/auto_code_package.go:38	创建失败!	{"error": "存在相同PackageName", "errorVerbose": "存在相同PackageName\ngithub.com/flipped-aurora/gin-vue-admin/server/service/system.(*autoCodePackage).Create\n\t/Users/aldge/www/cine/gin-vue-admin/server/service/system/auto_code_package.go:48\ngithub.com/flipped-aurora/gin-vue-admin/server/api/v1/system.(*AutoCodePackageApi).Create\n\t/Users/aldge/www/cine/gin-vue-admin/server/api/v1/system/auto_code_package.go:36\ngithub.com/gin-gonic/gin.(*Context).Next\n\t/Users/aldge/go/pkg/mod/github.com/gin-gonic/gin@v1.10.0/context.go:185\ngithub.com/flipped-aurora/gin-vue-admin/server/initialize.Routers.CasbinHandler.func6\n\t/Users/aldge/www/cine/gin-vue-admin/server/middleware/casbin_rbac.go:30\ngithub.com/gin-gonic/gin.(*Context).Next\n\t/Users/aldge/go/pkg/mod/github.com/gin-gonic/gin@v1.10.0/context.go:185\ngithub.com/flipped-aurora/gin-vue-admin/server/initialize.Routers.JWTAuth.func5\n\t/Users/aldge/www/cine/gin-vue-admin/server/middleware/jwt.go:69\ngithub.com/gin-gonic/gin.(*Context).Next\n\t/Users/aldge/go/pkg/mod/github.com/gin-gonic/gin@v1.10.0/context.go:185\ngithub.com/gin-gonic/gin.LoggerWithConfig.func1\n\t/Users/aldge/go/pkg/mod/github.com/gin-gonic/gin@v1.10.0/logger.go:249\ngithub.com/gin-gonic/gin.(*Context).Next\n\t/Users/aldge/go/pkg/mod/github.com/gin-gonic/gin@v1.10.0/context.go:185\ngithub.com/flipped-aurora/gin-vue-admin/server/initialize.Routers.GinRecovery.func4\n\t/Users/aldge/www/cine/gin-vue-admin/server/middleware/error.go:59\ngithub.com/gin-gonic/gin.(*Context).Next\n\t/Users/aldge/go/pkg/mod/github.com/gin-gonic/gin@v1.10.0/context.go:185\ngithub.com/gin-gonic/gin.(*Engine).handleHTTPRequest\n\t/Users/aldge/go/pkg/mod/github.com/gin-gonic/gin@v1.10.0/gin.go:633\ngithub.com/gin-gonic/gin.(*Engine).ServeHTTP\n\t/Users/aldge/go/pkg/mod/github.com/gin-gonic/gin@v1.10.0/gin.go:589\nnet/http.serverHandler.ServeHTTP\n\t/Users/aldge/go/pkg/mod/golang.org/toolchain@v0.0.1-go1.24.11.darwin-arm64/src/net/http/server.go:3301\nnet/http.(*conn).serve\n\t/Users/aldge/go/pkg/mod/golang.org/toolchain@v0.0.1-go1.24.11.darwin-arm64/src/net/http/server.go:2102\nruntime.goexit\n\t/Users/aldge/go/pkg/mod/golang.org/toolchain@v0.0.1-go1.24.11.darwin-arm64/src/runtime/asm_arm64.s:1223"}
github.com/flipped-aurora/gin-vue-admin/server/api/v1/system.(*AutoCodePackageApi).Create
	/Users/aldge/www/cine/gin-vue-admin/server/api/v1/system/auto_code_package.go:38
github.com/gin-gonic/gin.(*Context).Next
	/Users/aldge/go/pkg/mod/github.com/gin-gonic/gin@v1.10.0/context.go:185
github.com/flipped-aurora/gin-vue-admin/server/initialize.Routers.CasbinHandler.func6
	/Users/aldge/www/cine/gin-vue-admin/server/middleware/casbin_rbac.go:30
github.com/gin-gonic/gin.(*Context).Next
	/Users/aldge/go/pkg/mod/github.com/gin-gonic/gin@v1.10.0/context.go:185
github.com/flipped-aurora/gin-vue-admin/server/initialize.Routers.JWTAuth.func5
	/Users/aldge/www/cine/gin-vue-admin/server/middleware/jwt.go:69
github.com/gin-gonic/gin.(*Context).Next
	/Users/aldge/go/pkg/mod/github.com/gin-gonic/gin@v1.10.0/context.go:185
github.com/gin-gonic/gin.LoggerWithConfig.func1
	/Users/aldge/go/pkg/mod/github.com/gin-gonic/gin@v1.10.0/logger.go:249
github.com/gin-gonic/gin.(*Context).Next
	/Users/aldge/go/pkg/mod/github.com/gin-gonic/gin@v1.10.0/context.go:185
github.com/flipped-aurora/gin-vue-admin/server/initialize.Routers.GinRecovery.func4
	/Users/aldge/www/cine/gin-vue-admin/server/middleware/error.go:59
github.com/gin-gonic/gin.(*Context).Next
	/Users/aldge/go/pkg/mod/github.com/gin-gonic/gin@v1.10.0/context.go:185
github.com/gin-gonic/gin.(*Engine).handleHTTPRequest
	/Users/aldge/go/pkg/mod/github.com/gin-gonic/gin@v1.10.0/gin.go:633
github.com/gin-gonic/gin.(*Engine).ServeHTTP
	/Users/aldge/go/pkg/mod/github.com/gin-gonic/gin@v1.10.0/gin.go:589
net/http.serverHandler.ServeHTTP
	/Users/aldge/go/pkg/mod/golang.org/toolchain@v0.0.1-go1.24.11.darwin-arm64/src/net/http/server.go:3301
net/http.(*conn).serve
	/Users/aldge/go/pkg/mod/golang.org/toolchain@v0.0.1-go1.24.11.darwin-arm64/src/net/http/server.go:2102
[github.com/flipped-aurora/gin-vue-admin/server]2025-12-10 18:35:53.744	[31merror[0m	/Users/aldge/www/cine/gin-vue-admin/server/api/v1/system/auto_code_package.go:38	创建失败!	{"error": "存在相同PackageName", "errorVerbose": "存在相同PackageName\ngithub.com/flipped-aurora/gin-vue-admin/server/service/system.(*autoCodePackage).Create\n\t/Users/aldge/www/cine/gin-vue-admin/server/service/system/auto_code_package.go:48\ngithub.com/flipped-aurora/gin-vue-admin/server/api/v1/system.(*AutoCodePackageApi).Create\n\t/Users/aldge/www/cine/gin-vue-admin/server/api/v1/system/auto_code_package.go:36\ngithub.com/gin-gonic/gin.(*Context).Next\n\t/Users/aldge/go/pkg/mod/github.com/gin-gonic/gin@v1.10.0/context.go:185\ngithub.com/flipped-aurora/gin-vue-admin/server/initialize.Routers.CasbinHandler.func6\n\t/Users/aldge/www/cine/gin-vue-admin/server/middleware/casbin_rbac.go:30\ngithub.com/gin-gonic/gin.(*Context).Next\n\t/Users/aldge/go/pkg/mod/github.com/gin-gonic/gin@v1.10.0/context.go:185\ngithub.com/flipped-aurora/gin-vue-admin/server/initialize.Routers.JWTAuth.func5\n\t/Users/aldge/www/cine/gin-vue-admin/server/middleware/jwt.go:69\ngithub.com/gin-gonic/gin.(*Context).Next\n\t/Users/aldge/go/pkg/mod/github.com/gin-gonic/gin@v1.10.0/context.go:185\ngithub.com/gin-gonic/gin.LoggerWithConfig.func1\n\t/Users/aldge/go/pkg/mod/github.com/gin-gonic/gin@v1.10.0/logger.go:249\ngithub.com/gin-gonic/gin.(*Context).Next\n\t/Users/aldge/go/pkg/mod/github.com/gin-gonic/gin@v1.10.0/context.go:185\ngithub.com/flipped-aurora/gin-vue-admin/server/initialize.Routers.GinRecovery.func4\n\t/Users/aldge/www/cine/gin-vue-admin/server/middleware/error.go:59\ngithub.com/gin-gonic/gin.(*Context).Next\n\t/Users/aldge/go/pkg/mod/github.com/gin-gonic/gin@v1.10.0/context.go:185\ngithub.com/gin-gonic/gin.(*Engine).handleHTTPRequest\n\t/Users/aldge/go/pkg/mod/github.com/gin-gonic/gin@v1.10.0/gin.go:633\ngithub.com/gin-gonic/gin.(*Engine).ServeHTTP\n\t/Users/aldge/go/pkg/mod/github.com/gin-gonic/gin@v1.10.0/gin.go:589\nnet/http.serverHandler.ServeHTTP\n\t/Users/aldge/go/pkg/mod/golang.org/toolchain@v0.0.1-go1.24.11.darwin-arm64/src/net/http/server.go:3301\nnet/http.(*conn).serve\n\t/Users/aldge/go/pkg/mod/golang.org/toolchain@v0.0.1-go1.24.11.darwin-arm64/src/net/http/server.go:2102\nruntime.goexit\n\t/Users/aldge/go/pkg/mod/golang.org/toolchain@v0.0.1-go1.24.11.darwin-arm64/src/runtime/asm_arm64.s:1223"}
github.com/flipped-aurora/gin-vue-admin/server/api/v1/system.(*AutoCodePackageApi).Create
	/Users/aldge/www/cine/gin-vue-admin/server/api/v1/system/auto_code_package.go:38
github.com/gin-gonic/gin.(*Context).Next
	/Users/aldge/go/pkg/mod/github.com/gin-gonic/gin@v1.10.0/context.go:185
github.com/flipped-aurora/gin-vue-admin/server/initialize.Routers.CasbinHandler.func6
	/Users/aldge/www/cine/gin-vue-admin/server/middleware/casbin_rbac.go:30
github.com/gin-gonic/gin.(*Context).Next
	/Users/aldge/go/pkg/mod/github.com/gin-gonic/gin@v1.10.0/context.go:185
github.com/flipped-aurora/gin-vue-admin/server/initialize.Routers.JWTAuth.func5
	/Users/aldge/www/cine/gin-vue-admin/server/middleware/jwt.go:69
github.com/gin-gonic/gin.(*Context).Next
	/Users/aldge/go/pkg/mod/github.com/gin-gonic/gin@v1.10.0/context.go:185
github.com/gin-gonic/gin.LoggerWithConfig.func1
	/Users/aldge/go/pkg/mod/github.com/gin-gonic/gin@v1.10.0/logger.go:249
github.com/gin-gonic/gin.(*Context).Next
	/Users/aldge/go/pkg/mod/github.com/gin-gonic/gin@v1.10.0/context.go:185
github.com/flipped-aurora/gin-vue-admin/server/initialize.Routers.GinRecovery.func4
	/Users/aldge/www/cine/gin-vue-admin/server/middleware/error.go:59
github.com/gin-gonic/gin.(*Context).Next
	/Users/aldge/go/pkg/mod/github.com/gin-gonic/gin@v1.10.0/context.go:185
github.com/gin-gonic/gin.(*Engine).handleHTTPRequest
	/Users/aldge/go/pkg/mod/github.com/gin-gonic/gin@v1.10.0/gin.go:633
github.com/gin-gonic/gin.(*Engine).ServeHTTP
	/Users/aldge/go/pkg/mod/github.com/gin-gonic/gin@v1.10.0/gin.go:589
net/http.serverHandler.ServeHTTP
	/Users/aldge/go/pkg/mod/golang.org/toolchain@v0.0.1-go1.24.11.darwin-arm64/src/net/http/server.go:3301
net/http.(*conn).serve
	/Users/aldge/go/pkg/mod/golang.org/toolchain@v0.0.1-go1.24.11.darwin-arm64/src/net/http/server.go:2102
[github.com/flipped-aurora/gin-vue-admin/server]2025-12-10 18:38:23.251	[31merror[0m	/Users/aldge/www/cine/gin-vue-admin/server/api/v1/system/auto_code_package.go:38	创建失败!	{"error": "存在相同PackageName", "errorVerbose": "存在相同PackageName\ngithub.com/flipped-aurora/gin-vue-admin/server/service/system.(*autoCodePackage).Create\n\t/Users/aldge/www/cine/gin-vue-admin/server/service/system/auto_code_package.go:48\ngithub.com/flipped-aurora/gin-vue-admin/server/api/v1/system.(*AutoCodePackageApi).Create\n\t/Users/aldge/www/cine/gin-vue-admin/server/api/v1/system/auto_code_package.go:36\ngithub.com/gin-gonic/gin.(*Context).Next\n\t/Users/aldge/go/pkg/mod/github.com/gin-gonic/gin@v1.10.0/context.go:185\ngithub.com/flipped-aurora/gin-vue-admin/server/initialize.Routers.CasbinHandler.func6\n\t/Users/aldge/www/cine/gin-vue-admin/server/middleware/casbin_rbac.go:30\ngithub.com/gin-gonic/gin.(*Context).Next\n\t/Users/aldge/go/pkg/mod/github.com/gin-gonic/gin@v1.10.0/context.go:185\ngithub.com/flipped-aurora/gin-vue-admin/server/initialize.Routers.JWTAuth.func5\n\t/Users/aldge/www/cine/gin-vue-admin/server/middleware/jwt.go:69\ngithub.com/gin-gonic/gin.(*Context).Next\n\t/Users/aldge/go/pkg/mod/github.com/gin-gonic/gin@v1.10.0/context.go:185\ngithub.com/gin-gonic/gin.LoggerWithConfig.func1\n\t/Users/aldge/go/pkg/mod/github.com/gin-gonic/gin@v1.10.0/logger.go:249\ngithub.com/gin-gonic/gin.(*Context).Next\n\t/Users/aldge/go/pkg/mod/github.com/gin-gonic/gin@v1.10.0/context.go:185\ngithub.com/flipped-aurora/gin-vue-admin/server/initialize.Routers.GinRecovery.func4\n\t/Users/aldge/www/cine/gin-vue-admin/server/middleware/error.go:59\ngithub.com/gin-gonic/gin.(*Context).Next\n\t/Users/aldge/go/pkg/mod/github.com/gin-gonic/gin@v1.10.0/context.go:185\ngithub.com/gin-gonic/gin.(*Engine).handleHTTPRequest\n\t/Users/aldge/go/pkg/mod/github.com/gin-gonic/gin@v1.10.0/gin.go:633\ngithub.com/gin-gonic/gin.(*Engine).ServeHTTP\n\t/Users/aldge/go/pkg/mod/github.com/gin-gonic/gin@v1.10.0/gin.go:589\nnet/http.serverHandler.ServeHTTP\n\t/Users/aldge/go/pkg/mod/golang.org/toolchain@v0.0.1-go1.24.11.darwin-arm64/src/net/http/server.go:3301\nnet/http.(*conn).serve\n\t/Users/aldge/go/pkg/mod/golang.org/toolchain@v0.0.1-go1.24.11.darwin-arm64/src/net/http/server.go:2102\nruntime.goexit\n\t/Users/aldge/go/pkg/mod/golang.org/toolchain@v0.0.1-go1.24.11.darwin-arm64/src/runtime/asm_arm64.s:1223"}
github.com/flipped-aurora/gin-vue-admin/server/api/v1/system.(*AutoCodePackageApi).Create
	/Users/aldge/www/cine/gin-vue-admin/server/api/v1/system/auto_code_package.go:38
github.com/gin-gonic/gin.(*Context).Next
	/Users/aldge/go/pkg/mod/github.com/gin-gonic/gin@v1.10.0/context.go:185
github.com/flipped-aurora/gin-vue-admin/server/initialize.Routers.CasbinHandler.func6
	/Users/aldge/www/cine/gin-vue-admin/server/middleware/casbin_rbac.go:30
github.com/gin-gonic/gin.(*Context).Next
	/Users/aldge/go/pkg/mod/github.com/gin-gonic/gin@v1.10.0/context.go:185
github.com/flipped-aurora/gin-vue-admin/server/initialize.Routers.JWTAuth.func5
	/Users/aldge/www/cine/gin-vue-admin/server/middleware/jwt.go:69
github.com/gin-gonic/gin.(*Context).Next
	/Users/aldge/go/pkg/mod/github.com/gin-gonic/gin@v1.10.0/context.go:185
github.com/gin-gonic/gin.LoggerWithConfig.func1
	/Users/aldge/go/pkg/mod/github.com/gin-gonic/gin@v1.10.0/logger.go:249
github.com/gin-gonic/gin.(*Context).Next
	/Users/aldge/go/pkg/mod/github.com/gin-gonic/gin@v1.10.0/context.go:185
github.com/flipped-aurora/gin-vue-admin/server/initialize.Routers.GinRecovery.func4
	/Users/aldge/www/cine/gin-vue-admin/server/middleware/error.go:59
github.com/gin-gonic/gin.(*Context).Next
	/Users/aldge/go/pkg/mod/github.com/gin-gonic/gin@v1.10.0/context.go:185
github.com/gin-gonic/gin.(*Engine).handleHTTPRequest
	/Users/aldge/go/pkg/mod/github.com/gin-gonic/gin@v1.10.0/gin.go:633
github.com/gin-gonic/gin.(*Engine).ServeHTTP
	/Users/aldge/go/pkg/mod/github.com/gin-gonic/gin@v1.10.0/gin.go:589
net/http.serverHandler.ServeHTTP
	/Users/aldge/go/pkg/mod/golang.org/toolchain@v0.0.1-go1.24.11.darwin-arm64/src/net/http/server.go:3301
net/http.(*conn).serve
	/Users/aldge/go/pkg/mod/golang.org/toolchain@v0.0.1-go1.24.11.darwin-arm64/src/net/http/server.go:2102
[github.com/flipped-aurora/gin-vue-admin/server]2025-12-10 21:44:37.211	[31merror[0m	/Users/aldge/www/cine/gin-vue-admin/server/api/v1/system/auto_code_template.go:78	创建失败!	{"error": "已经创建过此数据结构,请勿重复创建!", "errorVerbose": "已经创建过此数据结构,请勿重复创建!\ngithub.com/flipped-aurora/gin-vue-admin/server/service/system.(*autoCodeTemplate).Create\n\t/Users/aldge/www/cine/gin-vue-admin/server/service/system/auto_code_template.go:71\ngithub.com/flipped-aurora/gin-vue-admin/server/api/v1/system.(*AutoCodeTemplateApi).Create\n\t/Users/aldge/www/cine/gin-vue-admin/server/api/v1/system/auto_code_template.go:76\ngithub.com/gin-gonic/gin.(*Context).Next\n\t/Users/aldge/go/pkg/mod/github.com/gin-gonic/gin@v1.10.0/context.go:185\ngithub.com/flipped-aurora/gin-vue-admin/server/initialize.Routers.CasbinHandler.func6\n\t/Users/aldge/www/cine/gin-vue-admin/server/middleware/casbin_rbac.go:30\ngithub.com/gin-gonic/gin.(*Context).Next\n\t/Users/aldge/go/pkg/mod/github.com/gin-gonic/gin@v1.10.0/context.go:185\ngithub.com/flipped-aurora/gin-vue-admin/server/initialize.Routers.JWTAuth.func5\n\t/Users/aldge/www/cine/gin-vue-admin/server/middleware/jwt.go:69\ngithub.com/gin-gonic/gin.(*Context).Next\n\t/Users/aldge/go/pkg/mod/github.com/gin-gonic/gin@v1.10.0/context.go:185\ngithub.com/gin-gonic/gin.LoggerWithConfig.func1\n\t/Users/aldge/go/pkg/mod/github.com/gin-gonic/gin@v1.10.0/logger.go:249\ngithub.com/gin-gonic/gin.(*Context).Next\n\t/Users/aldge/go/pkg/mod/github.com/gin-gonic/gin@v1.10.0/context.go:185\ngithub.com/flipped-aurora/gin-vue-admin/server/initialize.Routers.GinRecovery.func4\n\t/Users/aldge/www/cine/gin-vue-admin/server/middleware/error.go:59\ngithub.com/gin-gonic/gin.(*Context).Next\n\t/Users/aldge/go/pkg/mod/github.com/gin-gonic/gin@v1.10.0/context.go:185\ngithub.com/gin-gonic/gin.(*Engine).handleHTTPRequest\n\t/Users/aldge/go/pkg/mod/github.com/gin-gonic/gin@v1.10.0/gin.go:633\ngithub.com/gin-gonic/gin.(*Engine).ServeHTTP\n\t/Users/aldge/go/pkg/mod/github.com/gin-gonic/gin@v1.10.0/gin.go:589\nnet/http.serverHandler.ServeHTTP\n\t/Users/aldge/go/pkg/mod/golang.org/toolchain@v0.0.1-go1.24.11.darwin-arm64/src/net/http/server.go:3301\nnet/http.(*conn).serve\n\t/Users/aldge/go/pkg/mod/golang.org/toolchain@v0.0.1-go1.24.11.darwin-arm64/src/net/http/server.go:2102\nruntime.goexit\n\t/Users/aldge/go/pkg/mod/golang.org/toolchain@v0.0.1-go1.24.11.darwin-arm64/src/runtime/asm_arm64.s:1223"}
github.com/flipped-aurora/gin-vue-admin/server/api/v1/system.(*AutoCodeTemplateApi).Create
	/Users/aldge/www/cine/gin-vue-admin/server/api/v1/system/auto_code_template.go:78
github.com/gin-gonic/gin.(*Context).Next
	/Users/aldge/go/pkg/mod/github.com/gin-gonic/gin@v1.10.0/context.go:185
github.com/flipped-aurora/gin-vue-admin/server/initialize.Routers.CasbinHandler.func6
	/Users/aldge/www/cine/gin-vue-admin/server/middleware/casbin_rbac.go:30
github.com/gin-gonic/gin.(*Context).Next
	/Users/aldge/go/pkg/mod/github.com/gin-gonic/gin@v1.10.0/context.go:185
github.com/flipped-aurora/gin-vue-admin/server/initialize.Routers.JWTAuth.func5
	/Users/aldge/www/cine/gin-vue-admin/server/middleware/jwt.go:69
github.com/gin-gonic/gin.(*Context).Next
	/Users/aldge/go/pkg/mod/github.com/gin-gonic/gin@v1.10.0/context.go:185
github.com/gin-gonic/gin.LoggerWithConfig.func1
	/Users/aldge/go/pkg/mod/github.com/gin-gonic/gin@v1.10.0/logger.go:249
github.com/gin-gonic/gin.(*Context).Next
	/Users/aldge/go/pkg/mod/github.com/gin-gonic/gin@v1.10.0/context.go:185
github.com/flipped-aurora/gin-vue-admin/server/initialize.Routers.GinRecovery.func4
	/Users/aldge/www/cine/gin-vue-admin/server/middleware/error.go:59
github.com/gin-gonic/gin.(*Context).Next
	/Users/aldge/go/pkg/mod/github.com/gin-gonic/gin@v1.10.0/context.go:185
github.com/gin-gonic/gin.(*Engine).handleHTTPRequest
	/Users/aldge/go/pkg/mod/github.com/gin-gonic/gin@v1.10.0/gin.go:633
github.com/gin-gonic/gin.(*Engine).ServeHTTP
	/Users/aldge/go/pkg/mod/github.com/gin-gonic/gin@v1.10.0/gin.go:589
net/http.serverHandler.ServeHTTP
	/Users/aldge/go/pkg/mod/golang.org/toolchain@v0.0.1-go1.24.11.darwin-arm64/src/net/http/server.go:3301
net/http.(*conn).serve
	/Users/aldge/go/pkg/mod/golang.org/toolchain@v0.0.1-go1.24.11.darwin-arm64/src/net/http/server.go:2102
[github.com/flipped-aurora/gin-vue-admin/server]2025-12-10 22:07:35.711	[31merror[0m	/Users/aldge/www/cine/gin-vue-admin/server/api/v1/system/auto_code_package.go:38	创建失败!	{"error": "存在相同PackageName", "errorVerbose": "存在相同PackageName\ngithub.com/flipped-aurora/gin-vue-admin/server/service/system.(*autoCodePackage).Create\n\t/Users/aldge/www/cine/gin-vue-admin/server/service/system/auto_code_package.go:48\ngithub.com/flipped-aurora/gin-vue-admin/server/api/v1/system.(*AutoCodePackageApi).Create\n\t/Users/aldge/www/cine/gin-vue-admin/server/api/v1/system/auto_code_package.go:36\ngithub.com/gin-gonic/gin.(*Context).Next\n\t/Users/aldge/go/pkg/mod/github.com/gin-gonic/gin@v1.10.0/context.go:185\ngithub.com/flipped-aurora/gin-vue-admin/server/initialize.Routers.CasbinHandler.func6\n\t/Users/aldge/www/cine/gin-vue-admin/server/middleware/casbin_rbac.go:30\ngithub.com/gin-gonic/gin.(*Context).Next\n\t/Users/aldge/go/pkg/mod/github.com/gin-gonic/gin@v1.10.0/context.go:185\ngithub.com/flipped-aurora/gin-vue-admin/server/initialize.Routers.JWTAuth.func5\n\t/Users/aldge/www/cine/gin-vue-admin/server/middleware/jwt.go:69\ngithub.com/gin-gonic/gin.(*Context).Next\n\t/Users/aldge/go/pkg/mod/github.com/gin-gonic/gin@v1.10.0/context.go:185\ngithub.com/gin-gonic/gin.LoggerWithConfig.func1\n\t/Users/aldge/go/pkg/mod/github.com/gin-gonic/gin@v1.10.0/logger.go:249\ngithub.com/gin-gonic/gin.(*Context).Next\n\t/Users/aldge/go/pkg/mod/github.com/gin-gonic/gin@v1.10.0/context.go:185\ngithub.com/flipped-aurora/gin-vue-admin/server/initialize.Routers.GinRecovery.func4\n\t/Users/aldge/www/cine/gin-vue-admin/server/middleware/error.go:59\ngithub.com/gin-gonic/gin.(*Context).Next\n\t/Users/aldge/go/pkg/mod/github.com/gin-gonic/gin@v1.10.0/context.go:185\ngithub.com/gin-gonic/gin.(*Engine).handleHTTPRequest\n\t/Users/aldge/go/pkg/mod/github.com/gin-gonic/gin@v1.10.0/gin.go:633\ngithub.com/gin-gonic/gin.(*Engine).ServeHTTP\n\t/Users/aldge/go/pkg/mod/github.com/gin-gonic/gin@v1.10.0/gin.go:589\nnet/http.serverHandler.ServeHTTP\n\t/Users/aldge/go/pkg/mod/golang.org/toolchain@v0.0.1-go1.24.11.darwin-arm64/src/net/http/server.go:3301\nnet/http.(*conn).serve\n\t/Users/aldge/go/pkg/mod/golang.org/toolchain@v0.0.1-go1.24.11.darwin-arm64/src/net/http/server.go:2102\nruntime.goexit\n\t/Users/aldge/go/pkg/mod/golang.org/toolchain@v0.0.1-go1.24.11.darwin-arm64/src/runtime/asm_arm64.s:1223"}
github.com/flipped-aurora/gin-vue-admin/server/api/v1/system.(*AutoCodePackageApi).Create
	/Users/aldge/www/cine/gin-vue-admin/server/api/v1/system/auto_code_package.go:38
github.com/gin-gonic/gin.(*Context).Next
	/Users/aldge/go/pkg/mod/github.com/gin-gonic/gin@v1.10.0/context.go:185
github.com/flipped-aurora/gin-vue-admin/server/initialize.Routers.CasbinHandler.func6
	/Users/aldge/www/cine/gin-vue-admin/server/middleware/casbin_rbac.go:30
github.com/gin-gonic/gin.(*Context).Next
	/Users/aldge/go/pkg/mod/github.com/gin-gonic/gin@v1.10.0/context.go:185
github.com/flipped-aurora/gin-vue-admin/server/initialize.Routers.JWTAuth.func5
	/Users/aldge/www/cine/gin-vue-admin/server/middleware/jwt.go:69
github.com/gin-gonic/gin.(*Context).Next
	/Users/aldge/go/pkg/mod/github.com/gin-gonic/gin@v1.10.0/context.go:185
github.com/gin-gonic/gin.LoggerWithConfig.func1
	/Users/aldge/go/pkg/mod/github.com/gin-gonic/gin@v1.10.0/logger.go:249
github.com/gin-gonic/gin.(*Context).Next
	/Users/aldge/go/pkg/mod/github.com/gin-gonic/gin@v1.10.0/context.go:185
github.com/flipped-aurora/gin-vue-admin/server/initialize.Routers.GinRecovery.func4
	/Users/aldge/www/cine/gin-vue-admin/server/middleware/error.go:59
github.com/gin-gonic/gin.(*Context).Next
	/Users/aldge/go/pkg/mod/github.com/gin-gonic/gin@v1.10.0/context.go:185
github.com/gin-gonic/gin.(*Engine).handleHTTPRequest
	/Users/aldge/go/pkg/mod/github.com/gin-gonic/gin@v1.10.0/gin.go:633
github.com/gin-gonic/gin.(*Engine).ServeHTTP
	/Users/aldge/go/pkg/mod/github.com/gin-gonic/gin@v1.10.0/gin.go:589
net/http.serverHandler.ServeHTTP
	/Users/aldge/go/pkg/mod/golang.org/toolchain@v0.0.1-go1.24.11.darwin-arm64/src/net/http/server.go:3301
net/http.(*conn).serve
	/Users/aldge/go/pkg/mod/golang.org/toolchain@v0.0.1-go1.24.11.darwin-arm64/src/net/http/server.go:2102
[github.com/flipped-aurora/gin-vue-admin/server]2025-12-10 22:08:36.130	[31merror[0m	/Users/aldge/www/cine/gin-vue-admin/server/api/v1/system/auto_code_package.go:38	创建失败!	{"error": "存在相同PackageName", "errorVerbose": "存在相同PackageName\ngithub.com/flipped-aurora/gin-vue-admin/server/service/system.(*autoCodePackage).Create\n\t/Users/aldge/www/cine/gin-vue-admin/server/service/system/auto_code_package.go:48\ngithub.com/flipped-aurora/gin-vue-admin/server/api/v1/system.(*AutoCodePackageApi).Create\n\t/Users/aldge/www/cine/gin-vue-admin/server/api/v1/system/auto_code_package.go:36\ngithub.com/gin-gonic/gin.(*Context).Next\n\t/Users/aldge/go/pkg/mod/github.com/gin-gonic/gin@v1.10.0/context.go:185\ngithub.com/flipped-aurora/gin-vue-admin/server/initialize.Routers.CasbinHandler.func6\n\t/Users/aldge/www/cine/gin-vue-admin/server/middleware/casbin_rbac.go:30\ngithub.com/gin-gonic/gin.(*Context).Next\n\t/Users/aldge/go/pkg/mod/github.com/gin-gonic/gin@v1.10.0/context.go:185\ngithub.com/flipped-aurora/gin-vue-admin/server/initialize.Routers.JWTAuth.func5\n\t/Users/aldge/www/cine/gin-vue-admin/server/middleware/jwt.go:69\ngithub.com/gin-gonic/gin.(*Context).Next\n\t/Users/aldge/go/pkg/mod/github.com/gin-gonic/gin@v1.10.0/context.go:185\ngithub.com/gin-gonic/gin.LoggerWithConfig.func1\n\t/Users/aldge/go/pkg/mod/github.com/gin-gonic/gin@v1.10.0/logger.go:249\ngithub.com/gin-gonic/gin.(*Context).Next\n\t/Users/aldge/go/pkg/mod/github.com/gin-gonic/gin@v1.10.0/context.go:185\ngithub.com/flipped-aurora/gin-vue-admin/server/initialize.Routers.GinRecovery.func4\n\t/Users/aldge/www/cine/gin-vue-admin/server/middleware/error.go:59\ngithub.com/gin-gonic/gin.(*Context).Next\n\t/Users/aldge/go/pkg/mod/github.com/gin-gonic/gin@v1.10.0/context.go:185\ngithub.com/gin-gonic/gin.(*Engine).handleHTTPRequest\n\t/Users/aldge/go/pkg/mod/github.com/gin-gonic/gin@v1.10.0/gin.go:633\ngithub.com/gin-gonic/gin.(*Engine).ServeHTTP\n\t/Users/aldge/go/pkg/mod/github.com/gin-gonic/gin@v1.10.0/gin.go:589\nnet/http.serverHandler.ServeHTTP\n\t/Users/aldge/go/pkg/mod/golang.org/toolchain@v0.0.1-go1.24.11.darwin-arm64/src/net/http/server.go:3301\nnet/http.(*conn).serve\n\t/Users/aldge/go/pkg/mod/golang.org/toolchain@v0.0.1-go1.24.11.darwin-arm64/src/net/http/server.go:2102\nruntime.goexit\n\t/Users/aldge/go/pkg/mod/golang.org/toolchain@v0.0.1-go1.24.11.darwin-arm64/src/runtime/asm_arm64.s:1223"}
github.com/flipped-aurora/gin-vue-admin/server/api/v1/system.(*AutoCodePackageApi).Create
	/Users/aldge/www/cine/gin-vue-admin/server/api/v1/system/auto_code_package.go:38
github.com/gin-gonic/gin.(*Context).Next
	/Users/aldge/go/pkg/mod/github.com/gin-gonic/gin@v1.10.0/context.go:185
github.com/flipped-aurora/gin-vue-admin/server/initialize.Routers.CasbinHandler.func6
	/Users/aldge/www/cine/gin-vue-admin/server/middleware/casbin_rbac.go:30
github.com/gin-gonic/gin.(*Context).Next
	/Users/aldge/go/pkg/mod/github.com/gin-gonic/gin@v1.10.0/context.go:185
github.com/flipped-aurora/gin-vue-admin/server/initialize.Routers.JWTAuth.func5
	/Users/aldge/www/cine/gin-vue-admin/server/middleware/jwt.go:69
github.com/gin-gonic/gin.(*Context).Next
	/Users/aldge/go/pkg/mod/github.com/gin-gonic/gin@v1.10.0/context.go:185
github.com/gin-gonic/gin.LoggerWithConfig.func1
	/Users/aldge/go/pkg/mod/github.com/gin-gonic/gin@v1.10.0/logger.go:249
github.com/gin-gonic/gin.(*Context).Next
	/Users/aldge/go/pkg/mod/github.com/gin-gonic/gin@v1.10.0/context.go:185
github.com/flipped-aurora/gin-vue-admin/server/initialize.Routers.GinRecovery.func4
	/Users/aldge/www/cine/gin-vue-admin/server/middleware/error.go:59
github.com/gin-gonic/gin.(*Context).Next
	/Users/aldge/go/pkg/mod/github.com/gin-gonic/gin@v1.10.0/context.go:185
github.com/gin-gonic/gin.(*Engine).handleHTTPRequest
	/Users/aldge/go/pkg/mod/github.com/gin-gonic/gin@v1.10.0/gin.go:633
github.com/gin-gonic/gin.(*Engine).ServeHTTP
	/Users/aldge/go/pkg/mod/github.com/gin-gonic/gin@v1.10.0/gin.go:589
net/http.serverHandler.ServeHTTP
	/Users/aldge/go/pkg/mod/golang.org/toolchain@v0.0.1-go1.24.11.darwin-arm64/src/net/http/server.go:3301
net/http.(*conn).serve
	/Users/aldge/go/pkg/mod/golang.org/toolchain@v0.0.1-go1.24.11.darwin-arm64/src/net/http/server.go:2102
