[github.com/flipped-aurora/gin-vue-admin/server]2025-12-10 17:50:04.799	[34minfo[0m	/Users/aldge/www/cine/gin-vue-admin/server/initialize/router.go:75	register swagger handler
[github.com/flipped-aurora/gin-vue-admin/server]2025-12-10 17:50:04.801	[34minfo[0m	/Users/aldge/www/cine/gin-vue-admin/server/initialize/plugin.go:10	项目暂未初始化，无法安装插件，初始化后重启项目即可完成插件安装
[github.com/flipped-aurora/gin-vue-admin/server]2025-12-10 17:50:04.801	[34minfo[0m	/Users/aldge/www/cine/gin-vue-admin/server/initialize/router.go:126	router register success
[github.com/flipped-aurora/gin-vue-admin/server]2025-12-10 18:31:32.825	[34minfo[0m	/Users/aldge/www/cine/gin-vue-admin/server/core/server_run.go:48	关闭WEB服务...
[github.com/flipped-aurora/gin-vue-admin/server]2025-12-10 18:31:32.827	[34minfo[0m	/Users/aldge/www/cine/gin-vue-admin/server/core/server_run.go:59	WEB服务已关闭
[github.com/flipped-aurora/gin-vue-admin/server]2025-12-10 18:32:19.110	[34minfo[0m	/Users/aldge/www/cine/gin-vue-admin/server/initialize/gorm.go:84	register table success
[github.com/flipped-aurora/gin-vue-admin/server]2025-12-10 18:32:19.111	[34minfo[0m	/Users/aldge/www/cine/gin-vue-admin/server/initialize/router.go:75	register swagger handler
[github.com/flipped-aurora/gin-vue-admin/server]2025-12-10 18:32:19.130	[34minfo[0m	/Users/aldge/www/cine/gin-vue-admin/server/initialize/router.go:126	router register success
[github.com/flipped-aurora/gin-vue-admin/server]2025-12-10 18:33:49.357	[34minfo[0m	/Users/aldge/www/cine/gin-vue-admin/server/core/server_run.go:48	关闭WEB服务...
[github.com/flipped-aurora/gin-vue-admin/server]2025-12-10 18:33:49.358	[34minfo[0m	/Users/aldge/www/cine/gin-vue-admin/server/core/server_run.go:59	WEB服务已关闭
[github.com/flipped-aurora/gin-vue-admin/server]2025-12-10 18:34:14.372	[34minfo[0m	/Users/aldge/www/cine/gin-vue-admin/server/initialize/router.go:75	register swagger handler
[github.com/flipped-aurora/gin-vue-admin/server]2025-12-10 18:34:14.373	[34minfo[0m	/Users/aldge/www/cine/gin-vue-admin/server/initialize/plugin.go:10	项目暂未初始化，无法安装插件，初始化后重启项目即可完成插件安装
[github.com/flipped-aurora/gin-vue-admin/server]2025-12-10 18:34:14.373	[34minfo[0m	/Users/aldge/www/cine/gin-vue-admin/server/initialize/router.go:126	router register success
[github.com/flipped-aurora/gin-vue-admin/server]2025-12-10 18:40:14.686	[34minfo[0m	/Users/aldge/www/cine/gin-vue-admin/server/core/server_run.go:48	关闭WEB服务...
[github.com/flipped-aurora/gin-vue-admin/server]2025-12-10 18:40:14.686	[34minfo[0m	/Users/aldge/www/cine/gin-vue-admin/server/core/server_run.go:59	WEB服务已关闭
[github.com/flipped-aurora/gin-vue-admin/server]2025-12-10 18:40:17.052	[34minfo[0m	/Users/aldge/www/cine/gin-vue-admin/server/initialize/gorm.go:84	register table success
[github.com/flipped-aurora/gin-vue-admin/server]2025-12-10 18:40:17.053	[34minfo[0m	/Users/aldge/www/cine/gin-vue-admin/server/initialize/router.go:75	register swagger handler
[github.com/flipped-aurora/gin-vue-admin/server]2025-12-10 18:40:17.065	[34minfo[0m	/Users/aldge/www/cine/gin-vue-admin/server/initialize/router.go:126	router register success
[github.com/flipped-aurora/gin-vue-admin/server]2025-12-10 21:51:18.193	[34minfo[0m	/Users/aldge/www/cine/gin-vue-admin/server/core/server_run.go:48	关闭WEB服务...
[github.com/flipped-aurora/gin-vue-admin/server]2025-12-10 21:51:18.195	[34minfo[0m	/Users/aldge/www/cine/gin-vue-admin/server/core/server_run.go:59	WEB服务已关闭
[github.com/flipped-aurora/gin-vue-admin/server]2025-12-10 22:06:29.398	[34minfo[0m	/Users/aldge/www/cine/gin-vue-admin/server/initialize/router.go:75	register swagger handler
[github.com/flipped-aurora/gin-vue-admin/server]2025-12-10 22:06:29.399	[34minfo[0m	/Users/aldge/www/cine/gin-vue-admin/server/initialize/plugin.go:10	项目暂未初始化，无法安装插件，初始化后重启项目即可完成插件安装
[github.com/flipped-aurora/gin-vue-admin/server]2025-12-10 22:06:29.399	[34minfo[0m	/Users/aldge/www/cine/gin-vue-admin/server/initialize/router.go:126	router register success
[github.com/flipped-aurora/gin-vue-admin/server]2025-12-10 22:08:42.275	[34minfo[0m	/Users/aldge/www/cine/gin-vue-admin/server/core/server_run.go:48	关闭WEB服务...
[github.com/flipped-aurora/gin-vue-admin/server]2025-12-10 22:08:42.277	[34minfo[0m	/Users/aldge/www/cine/gin-vue-admin/server/core/server_run.go:59	WEB服务已关闭
[github.com/flipped-aurora/gin-vue-admin/server]2025-12-10 22:08:44.408	[34minfo[0m	/Users/aldge/www/cine/gin-vue-admin/server/initialize/gorm.go:84	register table success
[github.com/flipped-aurora/gin-vue-admin/server]2025-12-10 22:08:44.408	[34minfo[0m	/Users/aldge/www/cine/gin-vue-admin/server/initialize/router.go:75	register swagger handler
[github.com/flipped-aurora/gin-vue-admin/server]2025-12-10 22:08:44.420	[34minfo[0m	/Users/aldge/www/cine/gin-vue-admin/server/initialize/router.go:126	router register success
[github.com/flipped-aurora/gin-vue-admin/server]2025-12-10 22:19:53.088	[34minfo[0m	/Users/aldge/www/cine/gin-vue-admin/server/core/server_run.go:48	关闭WEB服务...
[github.com/flipped-aurora/gin-vue-admin/server]2025-12-10 22:19:53.090	[34minfo[0m	/Users/aldge/www/cine/gin-vue-admin/server/core/server_run.go:59	WEB服务已关闭
[github.com/flipped-aurora/gin-vue-admin/server]2025-12-10 22:20:03.175	[34minfo[0m	/Users/aldge/www/cine/gin-vue-admin/server/initialize/gorm.go:84	register table success
[github.com/flipped-aurora/gin-vue-admin/server]2025-12-10 22:20:03.175	[34minfo[0m	/Users/aldge/www/cine/gin-vue-admin/server/initialize/router.go:75	register swagger handler
[github.com/flipped-aurora/gin-vue-admin/server]2025-12-10 22:20:03.187	[34minfo[0m	/Users/aldge/www/cine/gin-vue-admin/server/initialize/router.go:126	router register success
[github.com/flipped-aurora/gin-vue-admin/server]2025-12-10 23:01:57.840	[34minfo[0m	/Users/aldge/www/cine/gin-vue-admin/server/core/server_run.go:48	关闭WEB服务...
[github.com/flipped-aurora/gin-vue-admin/server]2025-12-10 23:01:57.843	[34minfo[0m	/Users/aldge/www/cine/gin-vue-admin/server/core/server_run.go:59	WEB服务已关闭
[github.com/flipped-aurora/gin-vue-admin/server]2025-12-10 23:02:58.286	[34minfo[0m	/Users/aldge/www/cine/gin-vue-admin/server/initialize/gorm.go:84	register table success
[github.com/flipped-aurora/gin-vue-admin/server]2025-12-10 23:02:58.288	[34minfo[0m	/Users/aldge/www/cine/gin-vue-admin/server/initialize/router.go:75	register swagger handler
[github.com/flipped-aurora/gin-vue-admin/server]2025-12-10 23:02:58.302	[34minfo[0m	/Users/aldge/www/cine/gin-vue-admin/server/initialize/router.go:126	router register success
[github.com/flipped-aurora/gin-vue-admin/server]2025-12-10 23:03:21.077	[34minfo[0m	/Users/aldge/www/cine/gin-vue-admin/server/core/server_run.go:48	关闭WEB服务...
[github.com/flipped-aurora/gin-vue-admin/server]2025-12-10 23:03:21.079	[34minfo[0m	/Users/aldge/www/cine/gin-vue-admin/server/core/server_run.go:59	WEB服务已关闭
[github.com/flipped-aurora/gin-vue-admin/server]2025-12-10 23:03:50.501	[34minfo[0m	/Users/aldge/www/cine/gin-vue-admin/server/initialize/router.go:75	register swagger handler
[github.com/flipped-aurora/gin-vue-admin/server]2025-12-10 23:03:50.502	[34minfo[0m	/Users/aldge/www/cine/gin-vue-admin/server/initialize/plugin.go:10	项目暂未初始化，无法安装插件，初始化后重启项目即可完成插件安装
[github.com/flipped-aurora/gin-vue-admin/server]2025-12-10 23:03:50.502	[34minfo[0m	/Users/aldge/www/cine/gin-vue-admin/server/initialize/router.go:126	router register success
[github.com/flipped-aurora/gin-vue-admin/server]2025-12-10 23:07:59.924	[34minfo[0m	/Users/aldge/www/cine/gin-vue-admin/server/core/server_run.go:48	关闭WEB服务...
[github.com/flipped-aurora/gin-vue-admin/server]2025-12-10 23:07:59.926	[34minfo[0m	/Users/aldge/www/cine/gin-vue-admin/server/core/server_run.go:59	WEB服务已关闭
[github.com/flipped-aurora/gin-vue-admin/server]2025-12-10 23:08:09.024	[34minfo[0m	/Users/aldge/www/cine/gin-vue-admin/server/initialize/gorm.go:84	register table success
[github.com/flipped-aurora/gin-vue-admin/server]2025-12-10 23:08:09.024	[34minfo[0m	/Users/aldge/www/cine/gin-vue-admin/server/initialize/router.go:75	register swagger handler
[github.com/flipped-aurora/gin-vue-admin/server]2025-12-10 23:08:09.036	[34minfo[0m	/Users/aldge/www/cine/gin-vue-admin/server/initialize/router.go:126	router register success
[github.com/flipped-aurora/gin-vue-admin/server]2025-12-10 23:16:38.386	[34minfo[0m	/Users/aldge/www/cine/gin-vue-admin/server/core/server_run.go:48	关闭WEB服务...
[github.com/flipped-aurora/gin-vue-admin/server]2025-12-10 23:16:38.387	[34minfo[0m	/Users/aldge/www/cine/gin-vue-admin/server/core/server_run.go:59	WEB服务已关闭
[github.com/flipped-aurora/gin-vue-admin/server]2025-12-10 23:16:44.788	[34minfo[0m	/Users/aldge/www/cine/gin-vue-admin/server/initialize/gorm.go:84	register table success
[github.com/flipped-aurora/gin-vue-admin/server]2025-12-10 23:16:44.789	[34minfo[0m	/Users/aldge/www/cine/gin-vue-admin/server/initialize/router.go:75	register swagger handler
[github.com/flipped-aurora/gin-vue-admin/server]2025-12-10 23:16:44.799	[34minfo[0m	/Users/aldge/www/cine/gin-vue-admin/server/initialize/router.go:126	router register success
[github.com/flipped-aurora/gin-vue-admin/server]2025-12-10 23:24:21.744	[34minfo[0m	/Users/aldge/www/cine/gin-vue-admin/server/core/server_run.go:48	关闭WEB服务...
[github.com/flipped-aurora/gin-vue-admin/server]2025-12-10 23:24:21.746	[34minfo[0m	/Users/aldge/www/cine/gin-vue-admin/server/core/server_run.go:59	WEB服务已关闭
[github.com/flipped-aurora/gin-vue-admin/server]2025-12-10 23:31:02.035	[34minfo[0m	/Users/aldge/www/cine/gin-vue-admin/server/initialize/router.go:75	register swagger handler
[github.com/flipped-aurora/gin-vue-admin/server]2025-12-10 23:31:02.036	[34minfo[0m	/Users/aldge/www/cine/gin-vue-admin/server/initialize/plugin.go:10	项目暂未初始化，无法安装插件，初始化后重启项目即可完成插件安装
[github.com/flipped-aurora/gin-vue-admin/server]2025-12-10 23:31:02.036	[34minfo[0m	/Users/aldge/www/cine/gin-vue-admin/server/initialize/router.go:126	router register success
[github.com/flipped-aurora/gin-vue-admin/server]2025-12-10 23:33:09.903	[34minfo[0m	/Users/aldge/www/cine/gin-vue-admin/server/core/server_run.go:48	关闭WEB服务...
[github.com/flipped-aurora/gin-vue-admin/server]2025-12-10 23:33:09.906	[34minfo[0m	/Users/aldge/www/cine/gin-vue-admin/server/core/server_run.go:59	WEB服务已关闭
[github.com/flipped-aurora/gin-vue-admin/server]2025-12-10 23:33:16.353	[34minfo[0m	/Users/aldge/www/cine/gin-vue-admin/server/initialize/gorm.go:84	register table success
[github.com/flipped-aurora/gin-vue-admin/server]2025-12-10 23:33:16.354	[34minfo[0m	/Users/aldge/www/cine/gin-vue-admin/server/initialize/router.go:75	register swagger handler
[github.com/flipped-aurora/gin-vue-admin/server]2025-12-10 23:33:16.366	[34minfo[0m	/Users/aldge/www/cine/gin-vue-admin/server/initialize/router.go:126	router register success
