[github.com/flipped-aurora/gin-vue-admin/server]2026-01-09 10:24:08.649	[34minfo[0m	/Users/aldge/www/cine/ops_server/api/v1/example/exa_breakpoint_continue.go:149	文件已上传到minio	{"url": "http://host.docker.internal:9000/video/uploads/2026-01-09/c8a9200b62ef0d8aff882c1e71085714.mov", "key": "uploads/2026-01-09/c8a9200b62ef0d8aff882c1e71085714.mov"}
[github.com/flipped-aurora/gin-vue-admin/server]2026-01-09 10:24:08.667	[34minfo[0m	/Users/aldge/www/cine/ops_server/api/v1/example/exa_breakpoint_continue.go:156	本地文件已删除	{"filePath": "./fileDir/bera.mov"}
[github.com/flipped-aurora/gin-vue-admin/server]2026-01-09 11:21:40.541	[34minfo[0m	/Users/aldge/www/cine/ops_server/core/server_run.go:48	关闭WEB服务...
[github.com/flipped-aurora/gin-vue-admin/server]2026-01-09 11:21:40.543	[34minfo[0m	/Users/aldge/www/cine/ops_server/core/server_run.go:59	WEB服务已关闭
[github.com/flipped-aurora/gin-vue-admin/server]2026-01-09 11:21:47.457	[34minfo[0m	/Users/aldge/www/cine/ops_server/initialize/gorm.go:84	register table success
[github.com/flipped-aurora/gin-vue-admin/server]2026-01-09 11:21:47.458	[34minfo[0m	/Users/aldge/www/cine/ops_server/initialize/router.go:75	register swagger handler
[github.com/flipped-aurora/gin-vue-admin/server]2026-01-09 11:21:47.476	[34minfo[0m	/Users/aldge/www/cine/ops_server/initialize/router.go:126	router register success
[github.com/flipped-aurora/gin-vue-admin/server]2026-01-09 11:27:08.690	[34minfo[0m	/Users/aldge/www/cine/ops_server/core/server_run.go:48	关闭WEB服务...
[github.com/flipped-aurora/gin-vue-admin/server]2026-01-09 11:27:08.691	[34minfo[0m	/Users/aldge/www/cine/ops_server/core/server_run.go:59	WEB服务已关闭
[github.com/flipped-aurora/gin-vue-admin/server]2026-01-09 11:27:12.980	[34minfo[0m	/Users/aldge/www/cine/ops_server/initialize/gorm.go:84	register table success
[github.com/flipped-aurora/gin-vue-admin/server]2026-01-09 11:27:12.981	[34minfo[0m	/Users/aldge/www/cine/ops_server/initialize/router.go:75	register swagger handler
[github.com/flipped-aurora/gin-vue-admin/server]2026-01-09 11:27:13.002	[34minfo[0m	/Users/aldge/www/cine/ops_server/initialize/router.go:126	router register success
[github.com/flipped-aurora/gin-vue-admin/server]2026-01-09 11:30:46.520	[34minfo[0m	/Users/aldge/www/cine/ops_server/core/server_run.go:48	关闭WEB服务...
[github.com/flipped-aurora/gin-vue-admin/server]2026-01-09 11:30:46.522	[34minfo[0m	/Users/aldge/www/cine/ops_server/core/server_run.go:59	WEB服务已关闭
[github.com/flipped-aurora/gin-vue-admin/server]2026-01-09 11:30:51.616	[34minfo[0m	/Users/aldge/www/cine/ops_server/initialize/gorm.go:84	register table success
[github.com/flipped-aurora/gin-vue-admin/server]2026-01-09 11:30:51.617	[34minfo[0m	/Users/aldge/www/cine/ops_server/initialize/router.go:75	register swagger handler
[github.com/flipped-aurora/gin-vue-admin/server]2026-01-09 11:30:51.632	[34minfo[0m	/Users/aldge/www/cine/ops_server/initialize/router.go:126	router register success
[github.com/flipped-aurora/gin-vue-admin/server]2026-01-09 11:36:27.173	[34minfo[0m	/Users/aldge/www/cine/ops_server/core/server_run.go:48	关闭WEB服务...
[github.com/flipped-aurora/gin-vue-admin/server]2026-01-09 11:36:27.174	[34minfo[0m	/Users/aldge/www/cine/ops_server/core/server_run.go:59	WEB服务已关闭
[github.com/flipped-aurora/gin-vue-admin/server]2026-01-09 11:40:17.108	[34minfo[0m	/Users/aldge/www/cine/ops_server/initialize/gorm.go:84	register table success
[github.com/flipped-aurora/gin-vue-admin/server]2026-01-09 11:40:17.109	[34minfo[0m	/Users/aldge/www/cine/ops_server/initialize/router.go:75	register swagger handler
[github.com/flipped-aurora/gin-vue-admin/server]2026-01-09 11:40:17.125	[34minfo[0m	/Users/aldge/www/cine/ops_server/initialize/router.go:126	router register success
[github.com/flipped-aurora/gin-vue-admin/server]2026-01-09 11:52:31.012	[34minfo[0m	/Users/aldge/www/cine/ops_server/core/server_run.go:48	关闭WEB服务...
[github.com/flipped-aurora/gin-vue-admin/server]2026-01-09 11:52:31.013	[34minfo[0m	/Users/aldge/www/cine/ops_server/core/server_run.go:59	WEB服务已关闭
[github.com/flipped-aurora/gin-vue-admin/server]2026-01-09 11:53:52.706	[34minfo[0m	/Users/aldge/www/cine/ops_server/initialize/gorm.go:84	register table success
[github.com/flipped-aurora/gin-vue-admin/server]2026-01-09 11:53:52.707	[34minfo[0m	/Users/aldge/www/cine/ops_server/initialize/router.go:75	register swagger handler
[github.com/flipped-aurora/gin-vue-admin/server]2026-01-09 11:53:52.722	[34minfo[0m	/Users/aldge/www/cine/ops_server/initialize/router.go:126	router register success
[github.com/flipped-aurora/gin-vue-admin/server]2026-01-09 12:15:47.538	[34minfo[0m	/Users/aldge/www/cine/ops_server/core/server_run.go:48	关闭WEB服务...
[github.com/flipped-aurora/gin-vue-admin/server]2026-01-09 12:15:47.541	[34minfo[0m	/Users/aldge/www/cine/ops_server/core/server_run.go:59	WEB服务已关闭
[github.com/flipped-aurora/gin-vue-admin/server]2026-01-09 12:15:58.049	[34minfo[0m	/Users/aldge/www/cine/ops_server/initialize/gorm.go:84	register table success
[github.com/flipped-aurora/gin-vue-admin/server]2026-01-09 12:15:58.049	[34minfo[0m	/Users/aldge/www/cine/ops_server/initialize/router.go:75	register swagger handler
[github.com/flipped-aurora/gin-vue-admin/server]2026-01-09 12:15:58.063	[34minfo[0m	/Users/aldge/www/cine/ops_server/initialize/router.go:126	router register success
[github.com/flipped-aurora/gin-vue-admin/server]2026-01-09 12:32:55.097	[34minfo[0m	/Users/aldge/www/cine/ops_server/api/v1/example/exa_breakpoint_continue.go:149	文件已上传到minio	{"url": "http://host.docker.internal:9000/video/uploads/2026-01-09/f3856f712fec736b97202ae4616117a4.mp4", "key": "uploads/2026-01-09/f3856f712fec736b97202ae4616117a4.mp4"}
[github.com/flipped-aurora/gin-vue-admin/server]2026-01-09 12:32:55.098	[34minfo[0m	/Users/aldge/www/cine/ops_server/api/v1/example/exa_breakpoint_continue.go:156	本地文件已删除	{"filePath": "./fileDir/galxe.mp4"}
[github.com/flipped-aurora/gin-vue-admin/server]2026-01-09 12:51:17.792	[34minfo[0m	/Users/aldge/www/cine/ops_server/core/server_run.go:48	关闭WEB服务...
[github.com/flipped-aurora/gin-vue-admin/server]2026-01-09 12:51:17.793	[34minfo[0m	/Users/aldge/www/cine/ops_server/core/server_run.go:59	WEB服务已关闭
[github.com/flipped-aurora/gin-vue-admin/server]2026-01-09 12:51:26.329	[34minfo[0m	/Users/aldge/www/cine/ops_server/initialize/gorm.go:84	register table success
[github.com/flipped-aurora/gin-vue-admin/server]2026-01-09 12:51:26.330	[34minfo[0m	/Users/aldge/www/cine/ops_server/initialize/router.go:75	register swagger handler
[github.com/flipped-aurora/gin-vue-admin/server]2026-01-09 12:51:26.350	[34minfo[0m	/Users/aldge/www/cine/ops_server/initialize/router.go:126	router register success
[github.com/flipped-aurora/gin-vue-admin/server]2026-01-09 12:51:47.970	[34minfo[0m	/Users/aldge/www/cine/ops_server/api/v1/example/exa_breakpoint_continue.go:150	文件已上传到minio	{"url": "http://host.docker.internal:9000/video/rf/9h/journey_001.mp4", "key": "rf/9h/journey_001.mp4"}
[github.com/flipped-aurora/gin-vue-admin/server]2026-01-09 12:51:47.973	[34minfo[0m	/Users/aldge/www/cine/ops_server/api/v1/example/exa_breakpoint_continue.go:157	本地文件已删除	{"filePath": "./fileDir/journey_001.mp4"}
[github.com/flipped-aurora/gin-vue-admin/server]2026-01-09 12:55:12.775	[34minfo[0m	/Users/aldge/www/cine/ops_server/core/server_run.go:48	关闭WEB服务...
[github.com/flipped-aurora/gin-vue-admin/server]2026-01-09 12:55:12.776	[34minfo[0m	/Users/aldge/www/cine/ops_server/core/server_run.go:59	WEB服务已关闭
[github.com/flipped-aurora/gin-vue-admin/server]2026-01-09 12:55:17.329	[34minfo[0m	/Users/aldge/www/cine/ops_server/initialize/gorm.go:84	register table success
[github.com/flipped-aurora/gin-vue-admin/server]2026-01-09 12:55:17.330	[34minfo[0m	/Users/aldge/www/cine/ops_server/initialize/router.go:75	register swagger handler
[github.com/flipped-aurora/gin-vue-admin/server]2026-01-09 12:55:17.345	[34minfo[0m	/Users/aldge/www/cine/ops_server/initialize/router.go:126	router register success
[github.com/flipped-aurora/gin-vue-admin/server]2026-01-09 12:55:42.544	[34minfo[0m	/Users/aldge/www/cine/ops_server/api/v1/example/exa_breakpoint_continue.go:150	文件已上传到minio	{"url": "http://host.docker.internal:9000/video/rf/9h/bera.mov", "key": "rf/9h/bera.mov"}
[github.com/flipped-aurora/gin-vue-admin/server]2026-01-09 12:55:42.568	[34minfo[0m	/Users/aldge/www/cine/ops_server/api/v1/example/exa_breakpoint_continue.go:157	本地文件已删除	{"filePath": "./fileDir/bera.mov"}
[github.com/flipped-aurora/gin-vue-admin/server]2026-01-09 12:56:28.781	[34minfo[0m	/Users/aldge/www/cine/ops_server/core/server_run.go:48	关闭WEB服务...
[github.com/flipped-aurora/gin-vue-admin/server]2026-01-09 12:56:28.782	[34minfo[0m	/Users/aldge/www/cine/ops_server/core/server_run.go:59	WEB服务已关闭
[github.com/flipped-aurora/gin-vue-admin/server]2026-01-09 12:56:34.590	[34minfo[0m	/Users/aldge/www/cine/ops_server/initialize/gorm.go:84	register table success
[github.com/flipped-aurora/gin-vue-admin/server]2026-01-09 12:56:34.591	[34minfo[0m	/Users/aldge/www/cine/ops_server/initialize/router.go:75	register swagger handler
[github.com/flipped-aurora/gin-vue-admin/server]2026-01-09 12:56:34.606	[34minfo[0m	/Users/aldge/www/cine/ops_server/initialize/router.go:126	router register success
[github.com/flipped-aurora/gin-vue-admin/server]2026-01-09 12:58:26.674	[34minfo[0m	/Users/aldge/www/cine/ops_server/api/v1/example/exa_breakpoint_continue.go:150	文件已上传到minio	{"url": "http://host.docker.internal:9000/video/ka/gx/KAGxlanF", "key": "ka/gx/KAGxlanF"}
[github.com/flipped-aurora/gin-vue-admin/server]2026-01-09 12:58:26.674	[34minfo[0m	/Users/aldge/www/cine/ops_server/api/v1/example/exa_breakpoint_continue.go:157	本地文件已删除	{"filePath": "./fileDir/galxe.mp4"}
[github.com/flipped-aurora/gin-vue-admin/server]2026-01-09 16:34:08.752	[34minfo[0m	/Users/aldge/www/cine/ops_server/core/server_run.go:48	关闭WEB服务...
[github.com/flipped-aurora/gin-vue-admin/server]2026-01-09 16:34:08.754	[34minfo[0m	/Users/aldge/www/cine/ops_server/core/server_run.go:59	WEB服务已关闭
[github.com/flipped-aurora/gin-vue-admin/server]2026-01-09 16:34:18.072	[34minfo[0m	/Users/aldge/www/cine/ops_server/initialize/gorm.go:84	register table success
[github.com/flipped-aurora/gin-vue-admin/server]2026-01-09 16:34:18.073	[34minfo[0m	/Users/aldge/www/cine/ops_server/initialize/router.go:75	register swagger handler
[github.com/flipped-aurora/gin-vue-admin/server]2026-01-09 16:34:18.096	[34minfo[0m	/Users/aldge/www/cine/ops_server/initialize/router.go:126	router register success
[github.com/flipped-aurora/gin-vue-admin/server]2026-01-09 16:34:44.307	[34minfo[0m	/Users/aldge/www/cine/ops_server/api/v1/example/exa_breakpoint_continue.go:151	文件已上传到minio	{"url": "http://host.docker.internal:9000/video/ka/gx/KAGxlaPY", "key": "ka/gx/KAGxlaPY"}
[github.com/flipped-aurora/gin-vue-admin/server]2026-01-09 16:34:44.310	[34minfo[0m	/Users/aldge/www/cine/ops_server/api/v1/example/exa_breakpoint_continue.go:158	本地文件已删除	{"filePath": "./fileDir/journey_001.mp4"}
[github.com/flipped-aurora/gin-vue-admin/server]2026-01-09 16:41:08.483	[34minfo[0m	/Users/aldge/www/cine/ops_server/core/server_run.go:48	关闭WEB服务...
[github.com/flipped-aurora/gin-vue-admin/server]2026-01-09 16:41:08.485	[34minfo[0m	/Users/aldge/www/cine/ops_server/core/server_run.go:59	WEB服务已关闭
[github.com/flipped-aurora/gin-vue-admin/server]2026-01-09 16:41:14.679	[34minfo[0m	/Users/aldge/www/cine/ops_server/initialize/gorm.go:84	register table success
[github.com/flipped-aurora/gin-vue-admin/server]2026-01-09 16:41:14.680	[34minfo[0m	/Users/aldge/www/cine/ops_server/initialize/router.go:75	register swagger handler
[github.com/flipped-aurora/gin-vue-admin/server]2026-01-09 16:41:14.694	[34minfo[0m	/Users/aldge/www/cine/ops_server/initialize/router.go:126	router register success
[github.com/flipped-aurora/gin-vue-admin/server]2026-01-09 16:43:08.033	[34minfo[0m	/Users/aldge/www/cine/ops_server/api/v1/example/exa_breakpoint_continue.go:152	文件已上传到minio	{"url": "http://host.docker.internal:9000/video/ka/gx/KAGxlaPY", "key": "ka/gx/KAGxlaPY"}
[github.com/flipped-aurora/gin-vue-admin/server]2026-01-09 16:43:08.037	[34minfo[0m	/Users/aldge/www/cine/ops_server/api/v1/example/exa_breakpoint_continue.go:159	本地文件已删除	{"filePath": "./fileDir/journey_001.mp4"}
[github.com/flipped-aurora/gin-vue-admin/server]2026-01-09 16:43:08.039	[34minfo[0m	/Users/aldge/www/cine/ops_server/api/v1/example/exa_breakpoint_continue.go:181	cutter记录创建成功	{"videoID": "KAGxlaPY"}
[github.com/flipped-aurora/gin-vue-admin/server]2026-01-09 16:57:09.595	[34minfo[0m	/Users/aldge/www/cine/ops_server/api/v1/example/exa_breakpoint_continue.go:152	文件已上传到minio	{"url": "http://host.docker.internal:9000/video/dl/bb/dlBbImks", "key": "dl/bb/dlBbImks"}
[github.com/flipped-aurora/gin-vue-admin/server]2026-01-09 16:57:09.599	[34minfo[0m	/Users/aldge/www/cine/ops_server/api/v1/example/exa_breakpoint_continue.go:159	本地文件已删除	{"filePath": "./fileDir/第002集  The Waterfall Cave [www.qu6.cc].mp4"}
[github.com/flipped-aurora/gin-vue-admin/server]2026-01-09 16:57:09.603	[34minfo[0m	/Users/aldge/www/cine/ops_server/api/v1/example/exa_breakpoint_continue.go:181	cutter记录创建成功	{"videoID": "dlBbImks"}
[github.com/flipped-aurora/gin-vue-admin/server]2026-01-09 17:00:54.311	[34minfo[0m	/Users/aldge/www/cine/ops_server/core/server_run.go:48	关闭WEB服务...
[github.com/flipped-aurora/gin-vue-admin/server]2026-01-09 17:00:54.314	[34minfo[0m	/Users/aldge/www/cine/ops_server/core/server_run.go:59	WEB服务已关闭
[github.com/flipped-aurora/gin-vue-admin/server]2026-01-09 17:01:01.897	[34minfo[0m	/Users/aldge/www/cine/ops_server/initialize/gorm.go:84	register table success
[github.com/flipped-aurora/gin-vue-admin/server]2026-01-09 17:01:01.898	[34minfo[0m	/Users/aldge/www/cine/ops_server/initialize/router.go:75	register swagger handler
[github.com/flipped-aurora/gin-vue-admin/server]2026-01-09 17:01:01.916	[34minfo[0m	/Users/aldge/www/cine/ops_server/initialize/router.go:126	router register success
[github.com/flipped-aurora/gin-vue-admin/server]2026-01-09 17:01:41.760	[34minfo[0m	/Users/aldge/www/cine/ops_server/api/v1/example/exa_breakpoint_continue.go:154	文件已上传到minio	{"url": "http://host.docker.internal:9000/video/dl/bb/dlBbImA7", "key": "dl/bb/dlBbImA7"}
[github.com/flipped-aurora/gin-vue-admin/server]2026-01-09 17:01:41.763	[34minfo[0m	/Users/aldge/www/cine/ops_server/api/v1/example/exa_breakpoint_continue.go:161	本地文件已删除	{"filePath": "./fileDir/第003集  Subodhi [www.qu6.cc].mp4"}
[github.com/flipped-aurora/gin-vue-admin/server]2026-01-09 17:01:41.767	[34minfo[0m	/Users/aldge/www/cine/ops_server/api/v1/example/exa_breakpoint_continue.go:184	cutter记录创建成功	{"videoID": "dlBbImA7"}
[github.com/flipped-aurora/gin-vue-admin/server]2026-01-09 17:02:16.421	[34minfo[0m	/Users/aldge/www/cine/ops_server/core/server_run.go:48	关闭WEB服务...
[github.com/flipped-aurora/gin-vue-admin/server]2026-01-09 17:02:16.422	[34minfo[0m	/Users/aldge/www/cine/ops_server/core/server_run.go:59	WEB服务已关闭
[github.com/flipped-aurora/gin-vue-admin/server]2026-01-09 17:02:22.533	[34minfo[0m	/Users/aldge/www/cine/ops_server/initialize/gorm.go:84	register table success
[github.com/flipped-aurora/gin-vue-admin/server]2026-01-09 17:02:22.535	[34minfo[0m	/Users/aldge/www/cine/ops_server/initialize/router.go:75	register swagger handler
[github.com/flipped-aurora/gin-vue-admin/server]2026-01-09 17:02:22.551	[34minfo[0m	/Users/aldge/www/cine/ops_server/initialize/router.go:126	router register success
[github.com/flipped-aurora/gin-vue-admin/server]2026-01-09 17:04:15.922	[34minfo[0m	/Users/aldge/www/cine/ops_server/api/v1/example/exa_breakpoint_continue.go:154	文件已上传到minio	{"url": "http://host.docker.internal:9000/video/dl/bb/dlBbImSA", "key": "dl/bb/dlBbImSA"}
[github.com/flipped-aurora/gin-vue-admin/server]2026-01-09 17:04:15.925	[34minfo[0m	/Users/aldge/www/cine/ops_server/api/v1/example/exa_breakpoint_continue.go:161	本地文件已删除	{"filePath": "./fileDir/第004集  Secret Formulas [www.qu6.cc].mp4"}
[github.com/flipped-aurora/gin-vue-admin/server]2026-01-09 17:04:15.927	[34minfo[0m	/Users/aldge/www/cine/ops_server/api/v1/example/exa_breakpoint_continue.go:184	cutter记录创建成功	{"videoID": "dlBbImSA"}
[github.com/flipped-aurora/gin-vue-admin/server]2026-01-09 18:27:17.654	[34minfo[0m	/Users/aldge/www/cine/ops_server/core/server_run.go:48	关闭WEB服务...
[github.com/flipped-aurora/gin-vue-admin/server]2026-01-09 18:27:17.655	[34minfo[0m	/Users/aldge/www/cine/ops_server/core/server_run.go:59	WEB服务已关闭
[github.com/flipped-aurora/gin-vue-admin/server]2026-01-09 18:27:23.910	[34minfo[0m	/Users/aldge/www/cine/ops_server/initialize/gorm.go:84	register table success
[github.com/flipped-aurora/gin-vue-admin/server]2026-01-09 18:27:23.911	[34minfo[0m	/Users/aldge/www/cine/ops_server/initialize/router.go:75	register swagger handler
[github.com/flipped-aurora/gin-vue-admin/server]2026-01-09 18:27:23.929	[34minfo[0m	/Users/aldge/www/cine/ops_server/initialize/router.go:126	router register success
[github.com/flipped-aurora/gin-vue-admin/server]2026-01-09 18:36:43.181	[34minfo[0m	/Users/aldge/www/cine/ops_server/core/server_run.go:48	关闭WEB服务...
[github.com/flipped-aurora/gin-vue-admin/server]2026-01-09 18:36:43.184	[34minfo[0m	/Users/aldge/www/cine/ops_server/core/server_run.go:59	WEB服务已关闭
[github.com/flipped-aurora/gin-vue-admin/server]2026-01-09 18:36:50.574	[34minfo[0m	/Users/aldge/www/cine/ops_server/initialize/gorm.go:84	register table success
[github.com/flipped-aurora/gin-vue-admin/server]2026-01-09 18:36:50.574	[34minfo[0m	/Users/aldge/www/cine/ops_server/initialize/router.go:75	register swagger handler
[github.com/flipped-aurora/gin-vue-admin/server]2026-01-09 18:36:50.592	[34minfo[0m	/Users/aldge/www/cine/ops_server/initialize/router.go:126	router register success
[github.com/flipped-aurora/gin-vue-admin/server]2026-01-09 21:44:36.273	[34minfo[0m	/Users/aldge/www/cine/ops_server/core/server_run.go:48	关闭WEB服务...
[github.com/flipped-aurora/gin-vue-admin/server]2026-01-09 21:44:36.276	[34minfo[0m	/Users/aldge/www/cine/ops_server/core/server_run.go:59	WEB服务已关闭
[github.com/flipped-aurora/gin-vue-admin/server]2026-01-09 21:44:43.368	[34minfo[0m	/Users/aldge/www/cine/ops_server/initialize/gorm.go:84	register table success
[github.com/flipped-aurora/gin-vue-admin/server]2026-01-09 21:44:43.369	[34minfo[0m	/Users/aldge/www/cine/ops_server/initialize/router.go:75	register swagger handler
[github.com/flipped-aurora/gin-vue-admin/server]2026-01-09 21:44:43.389	[34minfo[0m	/Users/aldge/www/cine/ops_server/initialize/router.go:126	router register success
[github.com/flipped-aurora/gin-vue-admin/server]2026-01-09 22:08:14.043	[34minfo[0m	/Users/aldge/www/cine/ops_server/core/server_run.go:48	关闭WEB服务...
[github.com/flipped-aurora/gin-vue-admin/server]2026-01-09 22:08:14.045	[34minfo[0m	/Users/aldge/www/cine/ops_server/core/server_run.go:59	WEB服务已关闭
[github.com/flipped-aurora/gin-vue-admin/server]2026-01-09 22:08:22.405	[34minfo[0m	/Users/aldge/www/cine/ops_server/initialize/gorm.go:84	register table success
[github.com/flipped-aurora/gin-vue-admin/server]2026-01-09 22:08:22.406	[34minfo[0m	/Users/aldge/www/cine/ops_server/initialize/router.go:75	register swagger handler
[github.com/flipped-aurora/gin-vue-admin/server]2026-01-09 22:08:22.426	[34minfo[0m	/Users/aldge/www/cine/ops_server/initialize/router.go:126	router register success
[github.com/flipped-aurora/gin-vue-admin/server]2026-01-09 22:11:54.872	[34minfo[0m	/Users/aldge/www/cine/ops_server/core/server_run.go:48	关闭WEB服务...
[github.com/flipped-aurora/gin-vue-admin/server]2026-01-09 22:11:54.873	[34minfo[0m	/Users/aldge/www/cine/ops_server/core/server_run.go:59	WEB服务已关闭
[github.com/flipped-aurora/gin-vue-admin/server]2026-01-09 22:12:01.229	[34minfo[0m	/Users/aldge/www/cine/ops_server/initialize/gorm.go:84	register table success
[github.com/flipped-aurora/gin-vue-admin/server]2026-01-09 22:12:01.230	[34minfo[0m	/Users/aldge/www/cine/ops_server/initialize/router.go:75	register swagger handler
[github.com/flipped-aurora/gin-vue-admin/server]2026-01-09 22:12:01.246	[34minfo[0m	/Users/aldge/www/cine/ops_server/initialize/router.go:126	router register success
[github.com/flipped-aurora/gin-vue-admin/server]2026-01-09 22:27:49.924	[34minfo[0m	/Users/aldge/www/cine/ops_server/core/server_run.go:48	关闭WEB服务...
[github.com/flipped-aurora/gin-vue-admin/server]2026-01-09 22:27:49.927	[34minfo[0m	/Users/aldge/www/cine/ops_server/core/server_run.go:59	WEB服务已关闭
[github.com/flipped-aurora/gin-vue-admin/server]2026-01-09 22:27:58.259	[34minfo[0m	/Users/aldge/www/cine/ops_server/initialize/gorm.go:84	register table success
[github.com/flipped-aurora/gin-vue-admin/server]2026-01-09 22:27:58.259	[34minfo[0m	/Users/aldge/www/cine/ops_server/initialize/router.go:75	register swagger handler
[github.com/flipped-aurora/gin-vue-admin/server]2026-01-09 22:27:58.274	[34minfo[0m	/Users/aldge/www/cine/ops_server/initialize/router.go:126	router register success
[github.com/flipped-aurora/gin-vue-admin/server]2026-01-09 22:34:54.285	[34minfo[0m	/Users/aldge/www/cine/ops_server/core/server_run.go:48	关闭WEB服务...
[github.com/flipped-aurora/gin-vue-admin/server]2026-01-09 22:34:54.285	[34minfo[0m	/Users/aldge/www/cine/ops_server/core/server_run.go:59	WEB服务已关闭
[github.com/flipped-aurora/gin-vue-admin/server]2026-01-09 22:34:59.606	[34minfo[0m	/Users/aldge/www/cine/ops_server/initialize/gorm.go:84	register table success
[github.com/flipped-aurora/gin-vue-admin/server]2026-01-09 22:34:59.607	[34minfo[0m	/Users/aldge/www/cine/ops_server/initialize/router.go:75	register swagger handler
[github.com/flipped-aurora/gin-vue-admin/server]2026-01-09 22:34:59.622	[34minfo[0m	/Users/aldge/www/cine/ops_server/initialize/router.go:126	router register success
